{"D:\\B2B_program files\\Sprints\\Sprint2\\Sprint2-Final-V2-2018-08-30\\app\\Components\\Com\\ComBusinessInfo\\SmallBusiness\\SmallBusiness.jsx":{"path":"D:\\B2B_program files\\Sprints\\Sprint2\\Sprint2-Final-V2-2018-08-30\\app\\Components\\Com\\ComBusinessInfo\\SmallBusiness\\SmallBusiness.jsx","s":{"1":1,"2":1,"3":1,"4":1,"5":1,"6":1,"7":1,"8":1,"9":1,"10":1,"11":1,"12":1,"13":3,"14":1,"15":61,"16":1,"17":2,"18":1,"19":14,"20":14,"21":14,"22":14,"23":13,"24":1,"25":1,"26":14,"27":1,"28":54,"29":54,"30":1,"31":0,"32":0,"33":0,"34":0,"35":0,"36":0,"37":0,"38":0,"39":0,"40":0,"41":0,"42":0,"43":0,"44":1,"45":18,"46":18,"47":1,"48":6,"49":6,"50":0,"51":0,"52":0,"53":0,"54":6,"55":1,"56":1},"b":{"1":[1,2],"2":[3,3],"3":[1,60],"4":[1,1],"5":[2,2],"6":[13,1],"7":[1,0],"8":[54,0,0],"9":[0,0],"10":[0,0],"11":[0,0],"12":[0,0],"13":[0,0],"14":[0,0],"15":[18,0,0],"16":[0,0]},"f":{"1":3,"2":61,"3":2,"4":14,"5":54,"6":0,"7":18,"8":6,"9":0},"fnMap":{"1":{"name":"_interopRequireDefault","line":0,"loc":{"start":{"line":0,"column":0},"end":{"line":0,"column":0}},"skip":true},"2":{"name":"required","line":8,"loc":{"start":{"line":8,"column":24},"end":{"line":null,"column":null}}},"3":{"name":"positiveValue","line":9,"loc":{"start":{"line":9,"column":29},"end":{"line":null,"column":null}}},"4":{"name":"validate","line":12,"loc":{"start":{"line":12,"column":24},"end":{"line":12,"column":36}}},"5":{"name":"renderField","line":27,"loc":{"start":{"line":27,"column":20},"end":{"line":null,"column":null}}},"6":{"name":"phoneChange","line":41,"loc":{"start":{"line":41,"column":20},"end":{"line":41,"column":39}}},"7":{"name":"customPhoneField","line":62,"loc":{"start":{"line":62,"column":25},"end":{"line":null,"column":null}}},"8":{"name":"SmallBusiness","line":98,"loc":{"start":{"line":98,"column":22},"end":{"line":98,"column":33}}},"9":{"name":"normalizeZip","line":105,"loc":{"start":{"line":105,"column":25},"end":{"line":105,"column":36}}}},"statementMap":{"1":{"start":{"line":0,"column":0},"end":{"line":0,"column":0},"skip":true},"2":{"start":{"line":0,"column":0},"end":{"line":0,"column":0},"skip":true},"3":{"start":{"line":0,"column":0},"end":{"line":0,"column":0},"skip":true},"4":{"start":{"line":0,"column":0},"end":{"line":0,"column":0},"skip":true},"5":{"start":{"line":1,"column":0},"end":{"line":null,"column":null}},"6":{"start":{"line":0,"column":0},"end":{"line":0,"column":0},"skip":true},"7":{"start":{"line":2,"column":0},"end":{"line":null,"column":null}},"8":{"start":{"line":3,"column":0},"end":{"line":null,"column":null}},"9":{"start":{"line":0,"column":0},"end":{"line":0,"column":0},"skip":true},"10":{"start":{"line":4,"column":0},"end":{"line":null,"column":null}},"11":{"start":{"line":5,"column":0},"end":{"line":null,"column":null}},"12":{"start":{"line":0,"column":0},"end":{"line":0,"column":0},"skip":true},"13":{"start":{"line":0,"column":0},"end":{"line":0,"column":0},"skip":true},"14":{"start":{"line":8,"column":7},"end":{"line":null,"column":null}},"15":{"start":{"line":8,"column":34},"end":{"line":null,"column":null}},"16":{"start":{"line":9,"column":7},"end":{"line":null,"column":null}},"17":{"start":{"line":10,"column":4},"end":{"line":null,"column":null}},"18":{"start":{"line":12,"column":7},"end":{"line":null,"column":null}},"19":{"start":{"line":13,"column":10},"end":{"line":null,"column":null}},"20":{"start":{"line":15,"column":10},"end":{"line":null,"column":null}},"21":{"start":{"line":17,"column":10},"end":{"line":null,"column":null}},"22":{"start":{"line":19,"column":8},"end":{"line":null,"column":null}},"23":{"start":{"line":20,"column":14},"end":{"line":null,"column":null}},"24":{"start":{"line":21,"column":11},"end":{"line":null,"column":null}},"25":{"start":{"line":22,"column":14},"end":{"line":null,"column":null}},"26":{"start":{"line":24,"column":11},"end":{"line":null,"column":null}},"27":{"start":{"line":27,"column":0},"end":{"line":null,"column":null}},"28":{"start":{"line":28,"column":4},"end":{"line":null,"column":null}},"29":{"start":{"line":30,"column":4},"end":{"line":null,"column":null}},"30":{"start":{"line":41,"column":0},"end":{"line":null,"column":null}},"31":{"start":{"line":42,"column":10},"end":{"line":null,"column":null}},"32":{"start":{"line":43,"column":10},"end":{"line":null,"column":null}},"33":{"start":{"line":44,"column":10},"end":{"line":null,"column":null}},"34":{"start":{"line":45,"column":8},"end":{"line":null,"column":null}},"35":{"start":{"line":46,"column":12},"end":{"line":null,"column":null}},"36":{"start":{"line":47,"column":21},"end":{"line":null,"column":null}},"37":{"start":{"line":48,"column":15},"end":{"line":null,"column":null}},"38":{"start":{"line":49,"column":21},"end":{"line":null,"column":null}},"39":{"start":{"line":53,"column":8},"end":{"line":null,"column":null}},"40":{"start":{"line":54,"column":12},"end":{"line":null,"column":null}},"41":{"start":{"line":55,"column":21},"end":{"line":null,"column":null}},"42":{"start":{"line":56,"column":15},"end":{"line":null,"column":null}},"43":{"start":{"line":57,"column":21},"end":{"line":null,"column":null}},"44":{"start":{"line":62,"column":0},"end":{"line":null,"column":null}},"45":{"start":{"line":63,"column":4},"end":{"line":null,"column":null}},"46":{"start":{"line":65,"column":4},"end":{"line":null,"column":null}},"47":{"start":{"line":98,"column":0},"end":{"line":null,"column":null}},"48":{"start":{"line":99,"column":12},"end":{"line":null,"column":null}},"49":{"start":{"line":105,"column":10},"end":{"line":null,"column":null}},"50":{"start":{"line":106,"column":12},"end":{"line":null,"column":null}},"51":{"start":{"line":107,"column":19},"end":{"line":null,"column":null}},"52":{"start":{"line":109,"column":14},"end":{"line":null,"column":null}},"53":{"start":{"line":110,"column":15},"end":{"line":null,"column":null}},"54":{"start":{"line":115,"column":8},"end":{"line":null,"column":null}},"55":{"start":{"line":250,"column":0},"end":{"line":null,"column":null}},"56":{"start":{"line":255,"column":15},"end":{"line":null,"column":null}}},"branchMap":{"1":{"line":0,"type":"cond-expr","locations":[{"start":{"line":0,"column":0},"end":{"line":0,"column":0},"skip":true},{"start":{"line":0,"column":0},"end":{"line":0,"column":0},"skip":true}]},"2":{"line":0,"type":"binary-expr","locations":[{"start":{"line":0,"column":0},"end":{"line":0,"column":0},"skip":true},{"start":{"line":0,"column":0},"end":{"line":0,"column":0},"skip":true}]},"3":{"line":8,"type":"cond-expr","locations":[{"start":{"line":8,"column":42},"end":{"line":8,"column":34}},{"start":{"line":8,"column":54},"end":{"line":8,"column":24}}]},"4":{"line":10,"type":"cond-expr","locations":[{"start":{"line":10,"column":26},"end":{"line":10,"column":4}},{"start":{"line":10,"column":54},"end":{"line":9,"column":29}}]},"5":{"line":10,"type":"binary-expr","locations":[{"start":{"line":10,"column":4},"end":{"line":10,"column":13}},{"start":{"line":10,"column":13},"end":{"line":10,"column":4}}]},"6":{"line":19,"type":"if","locations":[{"start":{"line":19,"column":8},"end":{"line":19,"column":8}},{"start":{"line":19,"column":8},"end":{"line":19,"column":8}}]},"7":{"line":21,"type":"if","locations":[{"start":{"line":21,"column":11},"end":{"line":21,"column":11}},{"start":{"line":21,"column":11},"end":{"line":21,"column":11}}]},"8":{"line":37,"type":"binary-expr","locations":[{"start":{"line":37,"column":22},"end":{"line":37,"column":22}},{"start":{"line":37,"column":22},"end":{"line":37,"column":32}},{"start":{"line":37,"column":32},"end":{"line":null,"column":null}}]},"9":{"line":45,"type":"if","locations":[{"start":{"line":45,"column":8},"end":{"line":45,"column":8}},{"start":{"line":45,"column":8},"end":{"line":45,"column":8}}]},"10":{"line":46,"type":"if","locations":[{"start":{"line":46,"column":12},"end":{"line":46,"column":12}},{"start":{"line":46,"column":12},"end":{"line":46,"column":12}}]},"11":{"line":48,"type":"if","locations":[{"start":{"line":48,"column":15},"end":{"line":48,"column":15}},{"start":{"line":48,"column":15},"end":{"line":48,"column":15}}]},"12":{"line":53,"type":"if","locations":[{"start":{"line":53,"column":8},"end":{"line":53,"column":8}},{"start":{"line":53,"column":8},"end":{"line":53,"column":8}}]},"13":{"line":54,"type":"if","locations":[{"start":{"line":54,"column":12},"end":{"line":54,"column":12}},{"start":{"line":54,"column":12},"end":{"line":54,"column":12}}]},"14":{"line":56,"type":"if","locations":[{"start":{"line":56,"column":15},"end":{"line":56,"column":15}},{"start":{"line":56,"column":15},"end":{"line":56,"column":15}}]},"15":{"line":73,"type":"binary-expr","locations":[{"start":{"line":73,"column":22},"end":{"line":73,"column":22}},{"start":{"line":73,"column":22},"end":{"line":73,"column":32}},{"start":{"line":73,"column":32},"end":{"line":null,"column":null}}]},"16":{"line":106,"type":"if","locations":[{"start":{"line":106,"column":12},"end":{"line":106,"column":12}},{"start":{"line":106,"column":12},"end":{"line":106,"column":12}}]}}},"D:\\B2B_program files\\Sprints\\Sprint2\\Sprint2-Final-V2-2018-08-30\\app\\Components\\FooterDetail\\FooterDetail.jsx":{"path":"D:\\B2B_program files\\Sprints\\Sprint2\\Sprint2-Final-V2-2018-08-30\\app\\Components\\FooterDetail\\FooterDetail.jsx","s":{"1":1,"2":1,"3":1,"4":1,"5":1,"6":1,"7":1,"8":1,"9":1,"10":1,"11":1,"12":1,"13":1,"14":1,"15":1,"16":1,"17":1,"18":1,"19":6,"20":1,"21":1,"22":1,"23":3,"24":3,"25":1,"26":3,"27":0,"28":3,"29":0,"30":3,"31":0,"32":0,"33":0,"34":0,"35":0,"36":0,"37":0,"38":3,"39":1,"40":1,"41":1},"b":{"1":[4,2],"2":[6,6],"3":[3,0]},"f":{"1":6,"2":1,"3":3,"4":3,"5":0,"6":0,"7":0,"8":0,"9":0,"10":0,"11":0,"12":0,"13":3},"fnMap":{"1":{"name":"_interopRequireDefault","line":0,"loc":{"start":{"line":0,"column":0},"end":{"line":0,"column":0}},"skip":true},"2":{"name":"(anonymous_2)","line":0,"loc":{"start":{"line":0,"column":0},"end":{"line":0,"column":0}},"skip":true},"3":{"name":"FooterDetail","line":0,"loc":{"start":{"line":0,"column":0},"end":{"line":0,"column":0}},"skip":true},"4":{"name":"componentDidMount","line":17,"loc":{"start":{"line":17,"column":25},"end":{"line":17,"column":25}}},"5":{"name":"(anonymous_5)","line":18,"loc":{"start":{"line":18,"column":45},"end":{"line":18,"column":62}}},"6":{"name":"(anonymous_6)","line":22,"loc":{"start":{"line":22,"column":43},"end":{"line":22,"column":60}}},"7":{"name":"componentWillUnmount","line":28,"loc":{"start":{"line":28,"column":27},"end":{"line":28,"column":27}}},"8":{"name":"scrollToTop","line":33,"loc":{"start":{"line":33,"column":18},"end":{"line":33,"column":18}}},"9":{"name":"designer","line":37,"loc":{"start":{"line":37,"column":15},"end":{"line":37,"column":15}}},"10":{"name":"government","line":41,"loc":{"start":{"line":41,"column":17},"end":{"line":41,"column":17}}},"11":{"name":"corporate","line":45,"loc":{"start":{"line":45,"column":16},"end":{"line":45,"column":16}}},"12":{"name":"business","line":49,"loc":{"start":{"line":49,"column":15},"end":{"line":49,"column":15}}},"13":{"name":"render","line":53,"loc":{"start":{"line":53,"column":13},"end":{"line":53,"column":13}}}},"statementMap":{"1":{"start":{"line":0,"column":0},"end":{"line":0,"column":0},"skip":true},"2":{"start":{"line":0,"column":0},"end":{"line":0,"column":0},"skip":true},"3":{"start":{"line":0,"column":0},"end":{"line":0,"column":0},"skip":true},"4":{"start":{"line":0,"column":0},"end":{"line":0,"column":0},"skip":true},"5":{"start":{"line":0,"column":0},"end":{"line":0,"column":0},"skip":true},"6":{"start":{"line":0,"column":0},"end":{"line":0,"column":0},"skip":true},"7":{"start":{"line":0,"column":0},"end":{"line":0,"column":0},"skip":true},"8":{"start":{"line":0,"column":0},"end":{"line":0,"column":0},"skip":true},"9":{"start":{"line":0,"column":0},"end":{"line":0,"column":0},"skip":true},"10":{"start":{"line":1,"column":0},"end":{"line":null,"column":null}},"11":{"start":{"line":0,"column":0},"end":{"line":0,"column":0},"skip":true},"12":{"start":{"line":2,"column":0},"end":{"line":null,"column":null}},"13":{"start":{"line":3,"column":0},"end":{"line":null,"column":null}},"14":{"start":{"line":6,"column":0},"end":{"line":null,"column":null}},"15":{"start":{"line":10,"column":0},"end":{"line":null,"column":null}},"16":{"start":{"line":0,"column":0},"end":{"line":0,"column":0},"skip":true},"17":{"start":{"line":11,"column":0},"end":{"line":null,"column":null}},"18":{"start":{"line":0,"column":0},"end":{"line":0,"column":0},"skip":true},"19":{"start":{"line":0,"column":0},"end":{"line":0,"column":0},"skip":true},"20":{"start":{"line":16,"column":6},"end":{"line":null,"column":null}},"21":{"start":{"line":0,"column":0},"end":{"line":0,"column":0},"skip":true},"22":{"start":{"line":0,"column":0},"end":{"line":0,"column":0},"skip":true},"23":{"start":{"line":0,"column":0},"end":{"line":0,"column":0},"skip":true},"24":{"start":{"line":0,"column":0},"end":{"line":0,"column":0},"skip":true},"25":{"start":{"line":0,"column":0},"end":{"line":0,"column":0},"skip":true},"26":{"start":{"line":18,"column":15},"end":{"line":null,"column":null}},"27":{"start":{"line":19,"column":20},"end":{"line":null,"column":null}},"28":{"start":{"line":22,"column":15},"end":{"line":null,"column":null}},"29":{"start":{"line":23,"column":20},"end":{"line":null,"column":null}},"30":{"start":{"line":25,"column":18},"end":{"line":null,"column":null}},"31":{"start":{"line":29,"column":15},"end":{"line":null,"column":null}},"32":{"start":{"line":30,"column":15},"end":{"line":null,"column":null}},"33":{"start":{"line":34,"column":15},"end":{"line":null,"column":null}},"34":{"start":{"line":38,"column":15},"end":{"line":null,"column":null}},"35":{"start":{"line":42,"column":15},"end":{"line":null,"column":null}},"36":{"start":{"line":46,"column":15},"end":{"line":null,"column":null}},"37":{"start":{"line":50,"column":15},"end":{"line":null,"column":null}},"38":{"start":{"line":55,"column":12},"end":{"line":null,"column":null}},"39":{"start":{"line":0,"column":0},"end":{"line":0,"column":0},"skip":true},"40":{"start":{"line":420,"column":15},"end":{"line":null,"column":null}},"41":{"start":{"line":0,"column":0},"end":{"line":0,"column":0},"skip":true}},"branchMap":{"1":{"line":0,"type":"cond-expr","locations":[{"start":{"line":0,"column":0},"end":{"line":0,"column":0},"skip":true},{"start":{"line":0,"column":0},"end":{"line":0,"column":0},"skip":true}]},"2":{"line":0,"type":"binary-expr","locations":[{"start":{"line":0,"column":0},"end":{"line":0,"column":0},"skip":true},{"start":{"line":0,"column":0},"end":{"line":0,"column":0},"skip":true}]},"3":{"line":0,"type":"binary-expr","locations":[{"start":{"line":0,"column":0},"end":{"line":0,"column":0},"skip":true},{"start":{"line":0,"column":0},"end":{"line":0,"column":0},"skip":true}]}}},"D:\\B2B_program files\\Sprints\\Sprint2\\Sprint2-Final-V2-2018-08-30\\app\\Components\\FooterDetail\\ShopSocial.jsx":{"path":"D:\\B2B_program files\\Sprints\\Sprint2\\Sprint2-Final-V2-2018-08-30\\app\\Components\\FooterDetail\\ShopSocial.jsx","s":{"1":1,"2":1,"3":1,"4":1,"5":1,"6":1,"7":1,"8":1,"9":3,"10":1,"11":1},"b":{"1":[0,1],"2":[1,1]},"f":{"1":1,"2":3},"fnMap":{"1":{"name":"_interopRequireDefault","line":0,"loc":{"start":{"line":0,"column":0},"end":{"line":0,"column":0}},"skip":true},"2":{"name":"ShopSocial","line":9,"loc":{"start":{"line":9,"column":19},"end":{"line":null,"column":null}}}},"statementMap":{"1":{"start":{"line":0,"column":0},"end":{"line":0,"column":0},"skip":true},"2":{"start":{"line":1,"column":0},"end":{"line":null,"column":null}},"3":{"start":{"line":0,"column":0},"end":{"line":0,"column":0},"skip":true},"4":{"start":{"line":2,"column":0},"end":{"line":null,"column":null}},"5":{"start":{"line":6,"column":0},"end":{"line":null,"column":null}},"6":{"start":{"line":0,"column":0},"end":{"line":0,"column":0},"skip":true},"7":{"start":{"line":0,"column":0},"end":{"line":0,"column":0},"skip":true},"8":{"start":{"line":9,"column":0},"end":{"line":null,"column":null}},"9":{"start":{"line":10,"column":4},"end":{"line":null,"column":null}},"10":{"start":{"line":258,"column":15},"end":{"line":null,"column":null}},"11":{"start":{"line":0,"column":0},"end":{"line":0,"column":0},"skip":true}},"branchMap":{"1":{"line":0,"type":"cond-expr","locations":[{"start":{"line":0,"column":0},"end":{"line":0,"column":0},"skip":true},{"start":{"line":0,"column":0},"end":{"line":0,"column":0},"skip":true}]},"2":{"line":0,"type":"binary-expr","locations":[{"start":{"line":0,"column":0},"end":{"line":0,"column":0},"skip":true},{"start":{"line":0,"column":0},"end":{"line":0,"column":0},"skip":true}]}}},"D:\\B2B_program files\\Sprints\\Sprint2\\Sprint2-Final-V2-2018-08-30\\app\\Components\\ForgotPassword\\ForgotPassword.jsx":{"path":"D:\\B2B_program files\\Sprints\\Sprint2\\Sprint2-Final-V2-2018-08-30\\app\\Components\\ForgotPassword\\ForgotPassword.jsx","s":{"1":1,"2":1,"3":1,"4":1,"5":1,"6":1,"7":1,"8":1,"9":1,"10":1,"11":1,"12":1,"13":1,"14":1,"15":1,"16":1,"17":1,"18":1,"19":1,"20":7,"21":1,"22":1,"23":1,"24":1,"25":1,"26":1,"27":1,"28":1,"29":1,"30":1,"31":1,"32":1,"33":0,"34":0,"35":0,"36":0,"37":1,"38":1,"39":0,"40":0,"41":0,"42":0,"43":1,"44":1,"45":0,"46":0,"47":1,"48":1,"49":1,"50":0,"51":0,"52":1,"53":0,"54":0,"55":0,"56":0,"57":0,"58":0,"59":0,"60":0,"61":1,"62":1},"b":{"1":[5,2],"2":[7,7],"3":[1,0],"4":[1,0],"5":[1,0],"6":[1,0],"7":[0,0],"8":[0,0],"9":[1,0],"10":[0,0],"11":[0,0],"12":[0,0,0],"13":[0,0],"14":[0,0]},"f":{"1":7,"2":1,"3":0,"4":1,"5":0,"6":0,"7":0,"8":0,"9":0},"fnMap":{"1":{"name":"_interopRequireDefault","line":0,"loc":{"start":{"line":0,"column":0},"end":{"line":0,"column":0}},"skip":true},"2":{"name":"validate","line":6,"loc":{"start":{"line":6,"column":24},"end":{"line":6,"column":36}}},"3":{"name":"renderField","line":42,"loc":{"start":{"line":42,"column":27},"end":{"line":null,"column":null}}},"4":{"name":"(anonymous_4)","line":0,"loc":{"start":{"line":0,"column":0},"end":{"line":0,"column":0}},"skip":true},"5":{"name":"ForgotPassword","line":0,"loc":{"start":{"line":0,"column":0},"end":{"line":0,"column":0}},"skip":true},"6":{"name":"componentDidMount","line":65,"loc":{"start":{"line":65,"column":24},"end":{"line":65,"column":24}}},"7":{"name":"escFunction","line":69,"loc":{"start":{"line":69,"column":16},"end":{"line":69,"column":23}}},"8":{"name":"render","line":75,"loc":{"start":{"line":75,"column":13},"end":{"line":75,"column":13}}},"9":{"name":"handleSubmitForm","line":77,"loc":{"start":{"line":77,"column":33},"end":{"line":77,"column":45}}}},"statementMap":{"1":{"start":{"line":0,"column":0},"end":{"line":0,"column":0},"skip":true},"2":{"start":{"line":0,"column":0},"end":{"line":0,"column":0},"skip":true},"3":{"start":{"line":0,"column":0},"end":{"line":0,"column":0},"skip":true},"4":{"start":{"line":0,"column":0},"end":{"line":0,"column":0},"skip":true},"5":{"start":{"line":0,"column":0},"end":{"line":0,"column":0},"skip":true},"6":{"start":{"line":0,"column":0},"end":{"line":0,"column":0},"skip":true},"7":{"start":{"line":0,"column":0},"end":{"line":0,"column":0},"skip":true},"8":{"start":{"line":0,"column":0},"end":{"line":0,"column":0},"skip":true},"9":{"start":{"line":0,"column":0},"end":{"line":0,"column":0},"skip":true},"10":{"start":{"line":0,"column":0},"end":{"line":0,"column":0},"skip":true},"11":{"start":{"line":0,"column":0},"end":{"line":0,"column":0},"skip":true},"12":{"start":{"line":0,"column":0},"end":{"line":0,"column":0},"skip":true},"13":{"start":{"line":1,"column":0},"end":{"line":null,"column":null}},"14":{"start":{"line":0,"column":0},"end":{"line":0,"column":0},"skip":true},"15":{"start":{"line":2,"column":0},"end":{"line":null,"column":null}},"16":{"start":{"line":3,"column":0},"end":{"line":null,"column":null}},"17":{"start":{"line":4,"column":0},"end":{"line":null,"column":null}},"18":{"start":{"line":0,"column":0},"end":{"line":0,"column":0},"skip":true},"19":{"start":{"line":0,"column":0},"end":{"line":0,"column":0},"skip":true},"20":{"start":{"line":0,"column":0},"end":{"line":0,"column":0},"skip":true},"21":{"start":{"line":6,"column":7},"end":{"line":null,"column":null}},"22":{"start":{"line":7,"column":10},"end":{"line":null,"column":null}},"23":{"start":{"line":8,"column":10},"end":{"line":null,"column":null}},"24":{"start":{"line":10,"column":10},"end":{"line":null,"column":null}},"25":{"start":{"line":12,"column":8},"end":{"line":null,"column":null}},"26":{"start":{"line":13,"column":14},"end":{"line":null,"column":null}},"27":{"start":{"line":16,"column":8},"end":{"line":null,"column":null}},"28":{"start":{"line":17,"column":14},"end":{"line":null,"column":null}},"29":{"start":{"line":20,"column":8},"end":{"line":null,"column":null}},"30":{"start":{"line":21,"column":14},"end":{"line":null,"column":null}},"31":{"start":{"line":23,"column":8},"end":{"line":null,"column":null}},"32":{"start":{"line":24,"column":14},"end":{"line":null,"column":null}},"33":{"start":{"line":25,"column":11},"end":{"line":null,"column":null}},"34":{"start":{"line":26,"column":14},"end":{"line":null,"column":null}},"35":{"start":{"line":27,"column":11},"end":{"line":null,"column":null}},"36":{"start":{"line":28,"column":14},"end":{"line":null,"column":null}},"37":{"start":{"line":30,"column":8},"end":{"line":null,"column":null}},"38":{"start":{"line":31,"column":14},"end":{"line":null,"column":null}},"39":{"start":{"line":32,"column":11},"end":{"line":null,"column":null}},"40":{"start":{"line":33,"column":14},"end":{"line":null,"column":null}},"41":{"start":{"line":34,"column":11},"end":{"line":null,"column":null}},"42":{"start":{"line":35,"column":14},"end":{"line":null,"column":null}},"43":{"start":{"line":38,"column":11},"end":{"line":null,"column":null}},"44":{"start":{"line":42,"column":7},"end":{"line":null,"column":null}},"45":{"start":{"line":43,"column":4},"end":{"line":null,"column":null}},"46":{"start":{"line":46,"column":4},"end":{"line":null,"column":null}},"47":{"start":{"line":64,"column":6},"end":{"line":null,"column":null}},"48":{"start":{"line":0,"column":0},"end":{"line":0,"column":0},"skip":true},"49":{"start":{"line":0,"column":0},"end":{"line":0,"column":0},"skip":true},"50":{"start":{"line":0,"column":0},"end":{"line":0,"column":0},"skip":true},"51":{"start":{"line":0,"column":0},"end":{"line":0,"column":0},"skip":true},"52":{"start":{"line":0,"column":0},"end":{"line":0,"column":0},"skip":true},"53":{"start":{"line":66,"column":17},"end":{"line":null,"column":null}},"54":{"start":{"line":70,"column":12},"end":{"line":null,"column":null}},"55":{"start":{"line":71,"column":18},"end":{"line":null,"column":null}},"56":{"start":{"line":76,"column":16},"end":{"line":null,"column":null}},"57":{"start":{"line":77,"column":14},"end":{"line":null,"column":null}},"58":{"start":{"line":78,"column":20},"end":{"line":null,"column":null}},"59":{"start":{"line":79,"column":20},"end":{"line":null,"column":null}},"60":{"start":{"line":82,"column":12},"end":{"line":null,"column":null}},"61":{"start":{"line":0,"column":0},"end":{"line":0,"column":0},"skip":true},"62":{"start":{"line":108,"column":15},"end":{"line":null,"column":null}}},"branchMap":{"1":{"line":0,"type":"cond-expr","locations":[{"start":{"line":0,"column":0},"end":{"line":0,"column":0},"skip":true},{"start":{"line":0,"column":0},"end":{"line":0,"column":0},"skip":true}]},"2":{"line":0,"type":"binary-expr","locations":[{"start":{"line":0,"column":0},"end":{"line":0,"column":0},"skip":true},{"start":{"line":0,"column":0},"end":{"line":0,"column":0},"skip":true}]},"3":{"line":12,"type":"if","locations":[{"start":{"line":12,"column":8},"end":{"line":12,"column":8}},{"start":{"line":12,"column":8},"end":{"line":12,"column":8}}]},"4":{"line":16,"type":"if","locations":[{"start":{"line":16,"column":8},"end":{"line":16,"column":8}},{"start":{"line":16,"column":8},"end":{"line":16,"column":8}}]},"5":{"line":20,"type":"if","locations":[{"start":{"line":20,"column":8},"end":{"line":20,"column":8}},{"start":{"line":20,"column":8},"end":{"line":20,"column":8}}]},"6":{"line":23,"type":"if","locations":[{"start":{"line":23,"column":8},"end":{"line":23,"column":8}},{"start":{"line":23,"column":8},"end":{"line":23,"column":8}}]},"7":{"line":25,"type":"if","locations":[{"start":{"line":25,"column":11},"end":{"line":25,"column":11}},{"start":{"line":25,"column":11},"end":{"line":25,"column":11}}]},"8":{"line":27,"type":"if","locations":[{"start":{"line":27,"column":11},"end":{"line":27,"column":11}},{"start":{"line":27,"column":11},"end":{"line":27,"column":11}}]},"9":{"line":30,"type":"if","locations":[{"start":{"line":30,"column":8},"end":{"line":30,"column":8}},{"start":{"line":30,"column":8},"end":{"line":30,"column":8}}]},"10":{"line":32,"type":"if","locations":[{"start":{"line":32,"column":11},"end":{"line":32,"column":11}},{"start":{"line":32,"column":11},"end":{"line":32,"column":11}}]},"11":{"line":34,"type":"if","locations":[{"start":{"line":34,"column":11},"end":{"line":34,"column":11}},{"start":{"line":34,"column":11},"end":{"line":34,"column":11}}]},"12":{"line":57,"type":"binary-expr","locations":[{"start":{"line":57,"column":21},"end":{"line":57,"column":21}},{"start":{"line":57,"column":21},"end":{"line":58,"column":12}},{"start":{"line":58,"column":12},"end":{"line":null,"column":null}}]},"13":{"line":0,"type":"binary-expr","locations":[{"start":{"line":0,"column":0},"end":{"line":0,"column":0},"skip":true},{"start":{"line":0,"column":0},"end":{"line":0,"column":0},"skip":true}]},"14":{"line":70,"type":"if","locations":[{"start":{"line":70,"column":12},"end":{"line":70,"column":12}},{"start":{"line":70,"column":12},"end":{"line":70,"column":12}}]}}},"D:\\B2B_program files\\Sprints\\Sprint2\\Sprint2-Final-V2-2018-08-30\\app\\history.jsx":{"path":"D:\\B2B_program files\\Sprints\\Sprint2\\Sprint2-Final-V2-2018-08-30\\app\\history.jsx","s":{"1":1,"2":1,"3":1,"4":1},"b":{},"f":{},"fnMap":{},"statementMap":{"1":{"start":{"line":0,"column":0},"end":{"line":0,"column":0},"skip":true},"2":{"start":{"line":1,"column":0},"end":{"line":null,"column":null}},"3":{"start":{"line":3,"column":15},"end":{"line":null,"column":null}},"4":{"start":{"line":0,"column":0},"end":{"line":0,"column":0},"skip":true}},"branchMap":{}},"D:\\B2B_program files\\Sprints\\Sprint2\\Sprint2-Final-V2-2018-08-30\\app\\Components\\ForgotPassword\\ForgotPasswordEmailTemplate.jsx":{"path":"D:\\B2B_program files\\Sprints\\Sprint2\\Sprint2-Final-V2-2018-08-30\\app\\Components\\ForgotPassword\\ForgotPasswordEmailTemplate.jsx","s":{"1":1,"2":1,"3":1,"4":1,"5":1,"6":1,"7":1,"8":2,"9":1,"10":3,"11":0,"12":1,"13":1},"b":{"1":[0,2],"2":[2,2]},"f":{"1":2,"2":3,"3":0},"fnMap":{"1":{"name":"_interopRequireDefault","line":0,"loc":{"start":{"line":0,"column":0},"end":{"line":0,"column":0}},"skip":true},"2":{"name":"ForgotPasswordEmailTemplate","line":5,"loc":{"start":{"line":5,"column":36},"end":{"line":5,"column":42}}},"3":{"name":"onClick","line":19,"loc":{"start":{"line":19,"column":33},"end":{"line":null,"column":null}}}},"statementMap":{"1":{"start":{"line":0,"column":0},"end":{"line":0,"column":0},"skip":true},"2":{"start":{"line":1,"column":0},"end":{"line":null,"column":null}},"3":{"start":{"line":0,"column":0},"end":{"line":0,"column":0},"skip":true},"4":{"start":{"line":2,"column":0},"end":{"line":null,"column":null}},"5":{"start":{"line":3,"column":0},"end":{"line":null,"column":null}},"6":{"start":{"line":0,"column":0},"end":{"line":0,"column":0},"skip":true},"7":{"start":{"line":0,"column":0},"end":{"line":0,"column":0},"skip":true},"8":{"start":{"line":0,"column":0},"end":{"line":0,"column":0},"skip":true},"9":{"start":{"line":5,"column":0},"end":{"line":null,"column":null}},"10":{"start":{"line":0,"column":0},"end":{"line":0,"column":0},"skip":true},"11":{"start":{"line":19,"column":39},"end":{"line":null,"column":null}},"12":{"start":{"line":29,"column":15},"end":{"line":null,"column":null}},"13":{"start":{"line":0,"column":0},"end":{"line":0,"column":0},"skip":true}},"branchMap":{"1":{"line":0,"type":"cond-expr","locations":[{"start":{"line":0,"column":0},"end":{"line":0,"column":0},"skip":true},{"start":{"line":0,"column":0},"end":{"line":0,"column":0},"skip":true}]},"2":{"line":0,"type":"binary-expr","locations":[{"start":{"line":0,"column":0},"end":{"line":0,"column":0},"skip":true},{"start":{"line":0,"column":0},"end":{"line":0,"column":0},"skip":true}]}}},"D:\\B2B_program files\\Sprints\\Sprint2\\Sprint2-Final-V2-2018-08-30\\app\\Components\\Govt\\Govt.jsx":{"path":"D:\\B2B_program files\\Sprints\\Sprint2\\Sprint2-Final-V2-2018-08-30\\app\\Components\\Govt\\Govt.jsx","s":{"1":1,"2":1,"3":1,"4":1,"5":1,"6":1,"7":1,"8":1,"9":1,"10":1,"11":1,"12":1,"13":1,"14":1,"15":1,"16":1,"17":1,"18":1,"19":1,"20":1,"21":1,"22":1,"23":9,"24":1,"25":1,"26":1,"27":1,"28":4,"29":4,"30":4,"31":0,"32":0,"33":4,"34":0,"35":0,"36":4,"37":0,"38":0,"39":4,"40":0,"41":4,"42":4,"43":1,"44":4,"45":4,"46":1,"47":1,"48":1},"b":{"1":[5,4],"2":[9,9],"3":[4,0],"4":[4,4],"5":[4,0]},"f":{"1":9,"2":1,"3":4,"4":0,"5":0,"6":0,"7":0,"8":4},"fnMap":{"1":{"name":"_interopRequireDefault","line":0,"loc":{"start":{"line":0,"column":0},"end":{"line":0,"column":0}},"skip":true},"2":{"name":"(anonymous_2)","line":0,"loc":{"start":{"line":0,"column":0},"end":{"line":0,"column":0}},"skip":true},"3":{"name":"Govt","line":11,"loc":{"start":{"line":11,"column":18},"end":{"line":11,"column":18}}},"4":{"name":"(anonymous_4)","line":16,"loc":{"start":{"line":16,"column":13},"end":{"line":16,"column":19}}},"5":{"name":"(anonymous_5)","line":21,"loc":{"start":{"line":21,"column":17},"end":{"line":21,"column":23}}},"6":{"name":"(anonymous_6)","line":26,"loc":{"start":{"line":26,"column":13},"end":{"line":26,"column":25}}},"7":{"name":"(anonymous_7)","line":31,"loc":{"start":{"line":31,"column":15},"end":{"line":31,"column":21}}},"8":{"name":"render","line":35,"loc":{"start":{"line":35,"column":11},"end":{"line":35,"column":11}}}},"statementMap":{"1":{"start":{"line":0,"column":0},"end":{"line":0,"column":0},"skip":true},"2":{"start":{"line":0,"column":0},"end":{"line":0,"column":0},"skip":true},"3":{"start":{"line":0,"column":0},"end":{"line":0,"column":0},"skip":true},"4":{"start":{"line":0,"column":0},"end":{"line":0,"column":0},"skip":true},"5":{"start":{"line":0,"column":0},"end":{"line":0,"column":0},"skip":true},"6":{"start":{"line":0,"column":0},"end":{"line":0,"column":0},"skip":true},"7":{"start":{"line":0,"column":0},"end":{"line":0,"column":0},"skip":true},"8":{"start":{"line":0,"column":0},"end":{"line":0,"column":0},"skip":true},"9":{"start":{"line":0,"column":0},"end":{"line":0,"column":0},"skip":true},"10":{"start":{"line":1,"column":0},"end":{"line":null,"column":null}},"11":{"start":{"line":0,"column":0},"end":{"line":0,"column":0},"skip":true},"12":{"start":{"line":2,"column":0},"end":{"line":null,"column":null}},"13":{"start":{"line":0,"column":0},"end":{"line":0,"column":0},"skip":true},"14":{"start":{"line":3,"column":0},"end":{"line":null,"column":null}},"15":{"start":{"line":4,"column":0},"end":{"line":null,"column":null}},"16":{"start":{"line":5,"column":0},"end":{"line":null,"column":null}},"17":{"start":{"line":0,"column":0},"end":{"line":0,"column":0},"skip":true},"18":{"start":{"line":6,"column":0},"end":{"line":null,"column":null}},"19":{"start":{"line":0,"column":0},"end":{"line":0,"column":0},"skip":true},"20":{"start":{"line":7,"column":0},"end":{"line":null,"column":null}},"21":{"start":{"line":0,"column":0},"end":{"line":0,"column":0},"skip":true},"22":{"start":{"line":0,"column":0},"end":{"line":0,"column":0},"skip":true},"23":{"start":{"line":0,"column":0},"end":{"line":0,"column":0},"skip":true},"24":{"start":{"line":9,"column":0},"end":{"line":null,"column":null}},"25":{"start":{"line":10,"column":6},"end":{"line":null,"column":null}},"26":{"start":{"line":0,"column":0},"end":{"line":0,"column":0},"skip":true},"27":{"start":{"line":11,"column":18},"end":{"line":null,"column":null}},"28":{"start":{"line":0,"column":0},"end":{"line":0,"column":0},"skip":true},"29":{"start":{"line":0,"column":0},"end":{"line":0,"column":0},"skip":true},"30":{"start":{"line":16,"column":2},"end":{"line":null,"column":null}},"31":{"start":{"line":17,"column":14},"end":{"line":null,"column":null}},"32":{"start":{"line":18,"column":11},"end":{"line":null,"column":null}},"33":{"start":{"line":21,"column":2},"end":{"line":null,"column":null}},"34":{"start":{"line":22,"column":14},"end":{"line":null,"column":null}},"35":{"start":{"line":23,"column":11},"end":{"line":null,"column":null}},"36":{"start":{"line":26,"column":2},"end":{"line":null,"column":null}},"37":{"start":{"line":27,"column":14},"end":{"line":null,"column":null}},"38":{"start":{"line":28,"column":14},"end":{"line":null,"column":null}},"39":{"start":{"line":31,"column":2},"end":{"line":null,"column":null}},"40":{"start":{"line":32,"column":14},"end":{"line":null,"column":null}},"41":{"start":{"line":13,"column":13},"end":{"line":null,"column":null}},"42":{"start":{"line":0,"column":0},"end":{"line":0,"column":0},"skip":true},"43":{"start":{"line":0,"column":0},"end":{"line":0,"column":0},"skip":true},"44":{"start":{"line":36,"column":14},"end":{"line":null,"column":null}},"45":{"start":{"line":38,"column":10},"end":{"line":null,"column":null}},"46":{"start":{"line":0,"column":0},"end":{"line":0,"column":0},"skip":true},"47":{"start":{"line":70,"column":15},"end":{"line":null,"column":null}},"48":{"start":{"line":0,"column":0},"end":{"line":0,"column":0},"skip":true}},"branchMap":{"1":{"line":0,"type":"cond-expr","locations":[{"start":{"line":0,"column":0},"end":{"line":0,"column":0},"skip":true},{"start":{"line":0,"column":0},"end":{"line":0,"column":0},"skip":true}]},"2":{"line":0,"type":"binary-expr","locations":[{"start":{"line":0,"column":0},"end":{"line":0,"column":0},"skip":true},{"start":{"line":0,"column":0},"end":{"line":0,"column":0},"skip":true}]},"3":{"line":0,"type":"binary-expr","locations":[{"start":{"line":0,"column":0},"end":{"line":0,"column":0},"skip":true},{"start":{"line":0,"column":0},"end":{"line":0,"column":0},"skip":true}]},"4":{"line":53,"type":"binary-expr","locations":[{"start":{"line":53,"column":31},"end":{"line":53,"column":19}},{"start":{"line":55,"column":22},"end":{"line":52,"column":14}}]},"5":{"line":58,"type":"binary-expr","locations":[{"start":{"line":58,"column":31},"end":{"line":58,"column":19}},{"start":{"line":60,"column":24},"end":{"line":null,"column":null}}]}}},"D:\\B2B_program files\\Sprints\\Sprint2\\Sprint2-Final-V2-2018-08-30\\app\\Components\\Govt\\GovtBusinessInfo\\GovtBusinessInfo.jsx":{"path":"D:\\B2B_program files\\Sprints\\Sprint2\\Sprint2-Final-V2-2018-08-30\\app\\Components\\Govt\\GovtBusinessInfo\\GovtBusinessInfo.jsx","s":{"1":1,"2":1,"3":1,"4":1,"5":1,"6":1,"7":1,"8":1,"9":1,"10":1,"11":1,"12":1,"13":1,"14":1,"15":1,"16":1,"17":1,"18":1,"19":1,"20":1,"21":1,"22":1,"23":1,"24":1,"25":8,"26":1,"27":88,"28":1,"29":0,"30":1,"31":16,"32":16,"33":16,"34":16,"35":16,"36":0,"37":0,"38":16,"39":1,"40":64,"41":64,"42":1,"43":8,"44":8,"45":64,"46":1,"47":0,"48":0,"49":0,"50":0,"51":0,"52":0,"53":0,"54":0,"55":0,"56":0,"57":0,"58":0,"59":0,"60":1,"61":24,"62":24,"63":1,"64":1,"65":1,"66":8,"67":8,"68":1,"69":8,"70":8,"71":0,"72":0,"73":0,"74":0,"75":8,"76":1,"77":1,"78":1,"79":1,"80":1,"81":8,"82":1,"83":8,"84":1,"85":1},"b":{"1":[6,2],"2":[8,8],"3":[0,88],"4":[0,0],"5":[0,0],"6":[16,0],"7":[0,0],"8":[64,0,0],"9":[8,0,0],"10":[0,0],"11":[0,0],"12":[0,0],"13":[0,0],"14":[0,0],"15":[0,0],"16":[24,0,0],"17":[8,0],"18":[0,0]},"f":{"1":8,"2":88,"3":0,"4":16,"5":64,"6":8,"7":64,"8":0,"9":24,"10":1,"11":8,"12":8,"13":0,"14":8,"15":8},"fnMap":{"1":{"name":"_interopRequireDefault","line":0,"loc":{"start":{"line":0,"column":0},"end":{"line":0,"column":0}},"skip":true},"2":{"name":"required","line":14,"loc":{"start":{"line":14,"column":17},"end":{"line":null,"column":null}}},"3":{"name":"positiveValue","line":15,"loc":{"start":{"line":15,"column":22},"end":{"line":null,"column":null}}},"4":{"name":"validate","line":19,"loc":{"start":{"line":19,"column":17},"end":{"line":19,"column":29}}},"5":{"name":"renderField","line":35,"loc":{"start":{"line":35,"column":20},"end":{"line":null,"column":null}}},"6":{"name":"renderDropDown","line":56,"loc":{"start":{"line":56,"column":23},"end":{"line":null,"column":null}}},"7":{"name":"(anonymous_7)","line":62,"loc":{"start":{"line":62,"column":27},"end":{"line":null,"column":null}}},"8":{"name":"phoneChange","line":73,"loc":{"start":{"line":73,"column":20},"end":{"line":73,"column":39}}},"9":{"name":"customPhoneField","line":94,"loc":{"start":{"line":94,"column":25},"end":{"line":null,"column":null}}},"10":{"name":"(anonymous_10)","line":0,"loc":{"start":{"line":0,"column":0},"end":{"line":0,"column":0}},"skip":true},"11":{"name":"govtBusinessInfo","line":0,"loc":{"start":{"line":0,"column":0},"end":{"line":0,"column":0}},"skip":true},"12":{"name":"render","line":111,"loc":{"start":{"line":111,"column":13},"end":{"line":111,"column":13}}},"13":{"name":"normalizeZip","line":114,"loc":{"start":{"line":114,"column":29},"end":{"line":114,"column":40}}},"14":{"name":"mapStateToProps","line":281,"loc":{"start":{"line":281,"column":24},"end":{"line":null,"column":null}}},"15":{"name":"matchDispatchToProps","line":286,"loc":{"start":{"line":286,"column":29},"end":{"line":null,"column":null}}}},"statementMap":{"1":{"start":{"line":0,"column":0},"end":{"line":0,"column":0},"skip":true},"2":{"start":{"line":0,"column":0},"end":{"line":0,"column":0},"skip":true},"3":{"start":{"line":0,"column":0},"end":{"line":0,"column":0},"skip":true},"4":{"start":{"line":0,"column":0},"end":{"line":0,"column":0},"skip":true},"5":{"start":{"line":0,"column":0},"end":{"line":0,"column":0},"skip":true},"6":{"start":{"line":0,"column":0},"end":{"line":0,"column":0},"skip":true},"7":{"start":{"line":0,"column":0},"end":{"line":0,"column":0},"skip":true},"8":{"start":{"line":0,"column":0},"end":{"line":0,"column":0},"skip":true},"9":{"start":{"line":0,"column":0},"end":{"line":0,"column":0},"skip":true},"10":{"start":{"line":0,"column":0},"end":{"line":0,"column":0},"skip":true},"11":{"start":{"line":0,"column":0},"end":{"line":0,"column":0},"skip":true},"12":{"start":{"line":1,"column":0},"end":{"line":null,"column":null}},"13":{"start":{"line":0,"column":0},"end":{"line":0,"column":0},"skip":true},"14":{"start":{"line":2,"column":0},"end":{"line":null,"column":null}},"15":{"start":{"line":4,"column":0},"end":{"line":null,"column":null}},"16":{"start":{"line":0,"column":0},"end":{"line":0,"column":0},"skip":true},"17":{"start":{"line":5,"column":0},"end":{"line":null,"column":null}},"18":{"start":{"line":6,"column":0},"end":{"line":null,"column":null}},"19":{"start":{"line":7,"column":0},"end":{"line":null,"column":null}},"20":{"start":{"line":8,"column":0},"end":{"line":null,"column":null}},"21":{"start":{"line":9,"column":0},"end":{"line":null,"column":null}},"22":{"start":{"line":11,"column":0},"end":{"line":null,"column":null}},"23":{"start":{"line":0,"column":0},"end":{"line":0,"column":0},"skip":true},"24":{"start":{"line":0,"column":0},"end":{"line":0,"column":0},"skip":true},"25":{"start":{"line":0,"column":0},"end":{"line":0,"column":0},"skip":true},"26":{"start":{"line":14,"column":0},"end":{"line":null,"column":null}},"27":{"start":{"line":14,"column":27},"end":{"line":null,"column":null}},"28":{"start":{"line":15,"column":0},"end":{"line":null,"column":null}},"29":{"start":{"line":16,"column":4},"end":{"line":null,"column":null}},"30":{"start":{"line":19,"column":0},"end":{"line":null,"column":null}},"31":{"start":{"line":20,"column":10},"end":{"line":null,"column":null}},"32":{"start":{"line":22,"column":10},"end":{"line":null,"column":null}},"33":{"start":{"line":24,"column":10},"end":{"line":null,"column":null}},"34":{"start":{"line":26,"column":8},"end":{"line":null,"column":null}},"35":{"start":{"line":27,"column":14},"end":{"line":null,"column":null}},"36":{"start":{"line":28,"column":11},"end":{"line":null,"column":null}},"37":{"start":{"line":29,"column":14},"end":{"line":null,"column":null}},"38":{"start":{"line":31,"column":11},"end":{"line":null,"column":null}},"39":{"start":{"line":35,"column":0},"end":{"line":null,"column":null}},"40":{"start":{"line":36,"column":4},"end":{"line":null,"column":null}},"41":{"start":{"line":38,"column":4},"end":{"line":null,"column":null}},"42":{"start":{"line":56,"column":0},"end":{"line":null,"column":null}},"43":{"start":{"line":56,"column":26},"end":{"line":null,"column":null}},"44":{"start":{"line":57,"column":4},"end":{"line":null,"column":null}},"45":{"start":{"line":63,"column":16},"end":{"line":null,"column":null}},"46":{"start":{"line":73,"column":0},"end":{"line":null,"column":null}},"47":{"start":{"line":74,"column":10},"end":{"line":null,"column":null}},"48":{"start":{"line":75,"column":10},"end":{"line":null,"column":null}},"49":{"start":{"line":76,"column":10},"end":{"line":null,"column":null}},"50":{"start":{"line":77,"column":8},"end":{"line":null,"column":null}},"51":{"start":{"line":78,"column":12},"end":{"line":null,"column":null}},"52":{"start":{"line":79,"column":21},"end":{"line":null,"column":null}},"53":{"start":{"line":80,"column":15},"end":{"line":null,"column":null}},"54":{"start":{"line":81,"column":21},"end":{"line":null,"column":null}},"55":{"start":{"line":85,"column":8},"end":{"line":null,"column":null}},"56":{"start":{"line":86,"column":12},"end":{"line":null,"column":null}},"57":{"start":{"line":87,"column":21},"end":{"line":null,"column":null}},"58":{"start":{"line":88,"column":15},"end":{"line":null,"column":null}},"59":{"start":{"line":89,"column":21},"end":{"line":null,"column":null}},"60":{"start":{"line":94,"column":0},"end":{"line":null,"column":null}},"61":{"start":{"line":95,"column":4},"end":{"line":null,"column":null}},"62":{"start":{"line":97,"column":4},"end":{"line":null,"column":null}},"63":{"start":{"line":110,"column":6},"end":{"line":null,"column":null}},"64":{"start":{"line":0,"column":0},"end":{"line":0,"column":0},"skip":true},"65":{"start":{"line":0,"column":0},"end":{"line":0,"column":0},"skip":true},"66":{"start":{"line":0,"column":0},"end":{"line":0,"column":0},"skip":true},"67":{"start":{"line":0,"column":0},"end":{"line":0,"column":0},"skip":true},"68":{"start":{"line":0,"column":0},"end":{"line":0,"column":0},"skip":true},"69":{"start":{"line":112,"column":45},"end":{"line":null,"column":null}},"70":{"start":{"line":114,"column":14},"end":{"line":null,"column":null}},"71":{"start":{"line":115,"column":16},"end":{"line":null,"column":null}},"72":{"start":{"line":116,"column":23},"end":{"line":null,"column":null}},"73":{"start":{"line":118,"column":18},"end":{"line":null,"column":null}},"74":{"start":{"line":119,"column":19},"end":{"line":null,"column":null}},"75":{"start":{"line":123,"column":12},"end":{"line":null,"column":null}},"76":{"start":{"line":0,"column":0},"end":{"line":0,"column":0},"skip":true},"77":{"start":{"line":266,"column":0},"end":{"line":null,"column":null}},"78":{"start":{"line":271,"column":0},"end":{"line":null,"column":null}},"79":{"start":{"line":279,"column":0},"end":{"line":null,"column":null}},"80":{"start":{"line":281,"column":0},"end":{"line":null,"column":null}},"81":{"start":{"line":281,"column":34},"end":{"line":null,"column":null}},"82":{"start":{"line":286,"column":0},"end":{"line":null,"column":null}},"83":{"start":{"line":286,"column":42},"end":{"line":null,"column":null}},"84":{"start":{"line":292,"column":15},"end":{"line":null,"column":null}},"85":{"start":{"line":0,"column":0},"end":{"line":0,"column":0},"skip":true}},"branchMap":{"1":{"line":0,"type":"cond-expr","locations":[{"start":{"line":0,"column":0},"end":{"line":0,"column":0},"skip":true},{"start":{"line":0,"column":0},"end":{"line":0,"column":0},"skip":true}]},"2":{"line":0,"type":"binary-expr","locations":[{"start":{"line":0,"column":0},"end":{"line":0,"column":0},"skip":true},{"start":{"line":0,"column":0},"end":{"line":0,"column":0},"skip":true}]},"3":{"line":14,"type":"cond-expr","locations":[{"start":{"line":14,"column":35},"end":{"line":14,"column":27}},{"start":{"line":14,"column":47},"end":{"line":14,"column":17}}]},"4":{"line":16,"type":"cond-expr","locations":[{"start":{"line":16,"column":26},"end":{"line":16,"column":4}},{"start":{"line":16,"column":54},"end":{"line":15,"column":22}}]},"5":{"line":16,"type":"binary-expr","locations":[{"start":{"line":16,"column":4},"end":{"line":16,"column":13}},{"start":{"line":16,"column":13},"end":{"line":16,"column":4}}]},"6":{"line":26,"type":"if","locations":[{"start":{"line":26,"column":8},"end":{"line":26,"column":8}},{"start":{"line":26,"column":8},"end":{"line":26,"column":8}}]},"7":{"line":28,"type":"if","locations":[{"start":{"line":28,"column":11},"end":{"line":28,"column":11}},{"start":{"line":28,"column":11},"end":{"line":28,"column":11}}]},"8":{"line":45,"type":"binary-expr","locations":[{"start":{"line":45,"column":22},"end":{"line":45,"column":22}},{"start":{"line":45,"column":22},"end":{"line":45,"column":32}},{"start":{"line":45,"column":32},"end":{"line":null,"column":null}}]},"9":{"line":69,"type":"binary-expr","locations":[{"start":{"line":69,"column":20},"end":{"line":69,"column":20}},{"start":{"line":69,"column":20},"end":{"line":69,"column":9}},{"start":{"line":69,"column":29},"end":{"line":null,"column":null}}]},"10":{"line":77,"type":"if","locations":[{"start":{"line":77,"column":8},"end":{"line":77,"column":8}},{"start":{"line":77,"column":8},"end":{"line":77,"column":8}}]},"11":{"line":78,"type":"if","locations":[{"start":{"line":78,"column":12},"end":{"line":78,"column":12}},{"start":{"line":78,"column":12},"end":{"line":78,"column":12}}]},"12":{"line":80,"type":"if","locations":[{"start":{"line":80,"column":15},"end":{"line":80,"column":15}},{"start":{"line":80,"column":15},"end":{"line":80,"column":15}}]},"13":{"line":85,"type":"if","locations":[{"start":{"line":85,"column":8},"end":{"line":85,"column":8}},{"start":{"line":85,"column":8},"end":{"line":85,"column":8}}]},"14":{"line":86,"type":"if","locations":[{"start":{"line":86,"column":12},"end":{"line":86,"column":12}},{"start":{"line":86,"column":12},"end":{"line":86,"column":12}}]},"15":{"line":88,"type":"if","locations":[{"start":{"line":88,"column":15},"end":{"line":88,"column":15}},{"start":{"line":88,"column":15},"end":{"line":88,"column":15}}]},"16":{"line":105,"type":"binary-expr","locations":[{"start":{"line":105,"column":22},"end":{"line":105,"column":22}},{"start":{"line":105,"column":22},"end":{"line":105,"column":32}},{"start":{"line":105,"column":32},"end":{"line":null,"column":null}}]},"17":{"line":0,"type":"binary-expr","locations":[{"start":{"line":0,"column":0},"end":{"line":0,"column":0},"skip":true},{"start":{"line":0,"column":0},"end":{"line":0,"column":0},"skip":true}]},"18":{"line":115,"type":"if","locations":[{"start":{"line":115,"column":16},"end":{"line":115,"column":16}},{"start":{"line":115,"column":16},"end":{"line":115,"column":16}}]}}},"D:\\B2B_program files\\Sprints\\Sprint2\\Sprint2-Final-V2-2018-08-30\\app\\actions\\LoginAction.js":{"path":"D:\\B2B_program files\\Sprints\\Sprint2\\Sprint2-Final-V2-2018-08-30\\app\\actions\\LoginAction.js","s":{"1":1,"2":1,"3":1,"4":1,"5":1,"6":1,"7":1,"8":0,"9":0,"10":0,"11":0,"12":0,"13":0,"14":0,"15":1,"16":1,"17":1,"18":1,"19":1},"b":{"1":[1,0],"2":[1,1],"3":[0,0],"4":[0,0]},"f":{"1":1,"2":1,"3":1},"fnMap":{"1":{"name":"_interopRequireWildcard","line":0,"loc":{"start":{"line":0,"column":0},"end":{"line":0,"column":0}},"skip":true},"2":{"name":"loginValues","line":3,"loc":{"start":{"line":3,"column":27},"end":{"line":null,"column":null}}},"3":{"name":"getEmailId","line":8,"loc":{"start":{"line":8,"column":26},"end":{"line":null,"column":null}}}},"statementMap":{"1":{"start":{"line":0,"column":0},"end":{"line":0,"column":0},"skip":true},"2":{"start":{"line":0,"column":0},"end":{"line":0,"column":0},"skip":true},"3":{"start":{"line":1,"column":0},"end":{"line":null,"column":null}},"4":{"start":{"line":1,"column":12},"end":{"line":null,"column":null}},"5":{"start":{"line":0,"column":0},"end":{"line":0,"column":0},"skip":true},"6":{"start":{"line":0,"column":0},"end":{"line":0,"column":0},"skip":true},"7":{"start":{"line":0,"column":0},"end":{"line":0,"column":0},"skip":true},"8":{"start":{"line":0,"column":0},"end":{"line":0,"column":0},"skip":true},"9":{"start":{"line":0,"column":0},"end":{"line":0,"column":0},"skip":true},"10":{"start":{"line":0,"column":0},"end":{"line":0,"column":0},"skip":true},"11":{"start":{"line":0,"column":0},"end":{"line":0,"column":0},"skip":true},"12":{"start":{"line":0,"column":0},"end":{"line":0,"column":0},"skip":true},"13":{"start":{"line":0,"column":0},"end":{"line":0,"column":0},"skip":true},"14":{"start":{"line":0,"column":0},"end":{"line":0,"column":0},"skip":true},"15":{"start":{"line":3,"column":7},"end":{"line":null,"column":null}},"16":{"start":{"line":3,"column":38},"end":{"line":null,"column":null}},"17":{"start":{"line":8,"column":7},"end":{"line":null,"column":null}},"18":{"start":{"line":8,"column":37},"end":{"line":null,"column":null}},"19":{"start":{"line":13,"column":15},"end":{"line":null,"column":null}}},"branchMap":{"1":{"line":0,"type":"if","locations":[{"start":{"line":0,"column":0},"end":{"line":0,"column":0},"skip":true},{"start":{"line":0,"column":0},"end":{"line":0,"column":0},"skip":true}]},"2":{"line":0,"type":"binary-expr","locations":[{"start":{"line":0,"column":0},"end":{"line":0,"column":0},"skip":true},{"start":{"line":0,"column":0},"end":{"line":0,"column":0},"skip":true}]},"3":{"line":0,"type":"if","locations":[{"start":{"line":0,"column":0},"end":{"line":0,"column":0},"skip":true},{"start":{"line":0,"column":0},"end":{"line":0,"column":0},"skip":true}]},"4":{"line":0,"type":"if","locations":[{"start":{"line":0,"column":0},"end":{"line":0,"column":0},"skip":true},{"start":{"line":0,"column":0},"end":{"line":0,"column":0},"skip":true}]}}},"D:\\B2B_program files\\Sprints\\Sprint2\\Sprint2-Final-V2-2018-08-30\\app\\Components\\ShoppingPreference\\ShoppingPreference.jsx":{"path":"D:\\B2B_program files\\Sprints\\Sprint2\\Sprint2-Final-V2-2018-08-30\\app\\Components\\ShoppingPreference\\ShoppingPreference.jsx","s":{"1":1,"2":1,"3":1,"4":1,"5":1,"6":1,"7":1,"8":1,"9":1,"10":1,"11":1,"12":1,"13":1,"14":1,"15":1,"16":1,"17":1,"18":1,"19":1,"20":1,"21":1,"22":1,"23":1,"24":1,"25":1,"26":1,"27":11,"28":1,"29":1,"30":1,"31":3,"32":3,"33":3,"34":0,"35":0,"36":0,"37":0,"38":0,"39":0,"40":0,"41":0,"42":0,"43":0,"44":0,"45":3,"46":2,"47":2,"48":2,"49":2,"50":3,"51":0,"52":0,"53":0,"54":0,"55":3,"56":0,"57":0,"58":0,"59":0,"60":3,"61":7,"62":7,"63":7,"64":7,"65":20,"66":1,"67":50,"68":1,"69":3,"70":0,"71":3,"72":0,"73":0,"74":0,"75":0,"76":0,"77":3,"78":3,"79":3,"80":1,"81":3,"82":0,"83":7,"84":7,"85":7,"86":7,"87":7,"88":0,"89":0,"90":2,"91":0,"92":1,"93":1,"94":1},"b":{"1":[5,6],"2":[11,11],"3":[3,0],"4":[0,0],"5":[0,0],"6":[2,0],"7":[2,5],"8":[2,5],"9":[0,0],"10":[0,7],"11":[2,5],"12":[3,4],"13":[7,5]},"f":{"1":11,"2":1,"3":3,"4":0,"5":0,"6":2,"7":0,"8":0,"9":0,"10":7,"11":20,"12":1,"13":50,"14":1,"15":0,"16":0,"17":3,"18":0,"19":7,"20":0,"21":0,"22":2,"23":0},"fnMap":{"1":{"name":"_interopRequireDefault","line":0,"loc":{"start":{"line":0,"column":0},"end":{"line":0,"column":0}},"skip":true},"2":{"name":"(anonymous_2)","line":0,"loc":{"start":{"line":0,"column":0},"end":{"line":0,"column":0}},"skip":true},"3":{"name":"ShoppingPreference","line":11,"loc":{"start":{"line":11,"column":16},"end":{"line":11,"column":23}}},"4":{"name":"(anonymous_4)","line":31,"loc":{"start":{"line":31,"column":23},"end":{"line":31,"column":34}}},"5":{"name":"(anonymous_5)","line":51,"loc":{"start":{"line":51,"column":55},"end":{"line":null,"column":null}}},"6":{"name":"(anonymous_6)","line":65,"loc":{"start":{"line":65,"column":21},"end":{"line":65,"column":32}}},"7":{"name":"(anonymous_7)","line":75,"loc":{"start":{"line":75,"column":22},"end":{"line":75,"column":33}}},"8":{"name":"(anonymous_8)","line":77,"loc":{"start":{"line":77,"column":45},"end":{"line":null,"column":null}}},"9":{"name":"(anonymous_9)","line":83,"loc":{"start":{"line":83,"column":30},"end":{"line":83,"column":36}}},"10":{"name":"(anonymous_10)","line":94,"loc":{"start":{"line":94,"column":21},"end":{"line":94,"column":27}}},"11":{"name":"(anonymous_11)","line":109,"loc":{"start":{"line":109,"column":39},"end":{"line":null,"column":null}}},"12":{"name":"onClick","line":111,"loc":{"start":{"line":111,"column":90},"end":{"line":null,"column":null}}},"13":{"name":"(anonymous_13)","line":119,"loc":{"start":{"line":119,"column":39},"end":{"line":null,"column":null}}},"14":{"name":"onClick","line":121,"loc":{"start":{"line":121,"column":73},"end":{"line":null,"column":null}}},"15":{"name":"(anonymous_15)","line":133,"loc":{"start":{"line":133,"column":25},"end":{"line":133,"column":31}}},"16":{"name":"(anonymous_16)","line":137,"loc":{"start":{"line":137,"column":18},"end":{"line":137,"column":25}}},"17":{"name":"componentWillMount","line":23,"loc":{"start":{"line":23,"column":25},"end":{"line":23,"column":25}}},"18":{"name":"componentWillUnmount","line":27,"loc":{"start":{"line":27,"column":27},"end":{"line":27,"column":27}}},"19":{"name":"render","line":150,"loc":{"start":{"line":150,"column":13},"end":{"line":150,"column":13}}},"20":{"name":"ref","line":158,"loc":{"start":{"line":158,"column":26},"end":{"line":158,"column":36}}},"21":{"name":"ref","line":164,"loc":{"start":{"line":164,"column":48},"end":{"line":164,"column":56}}},"22":{"name":"(anonymous_22)","line":180,"loc":{"start":{"line":180,"column":58},"end":{"line":null,"column":null}}},"23":{"name":"onClick","line":185,"loc":{"start":{"line":185,"column":129},"end":{"line":null,"column":null}}}},"statementMap":{"1":{"start":{"line":0,"column":0},"end":{"line":0,"column":0},"skip":true},"2":{"start":{"line":0,"column":0},"end":{"line":0,"column":0},"skip":true},"3":{"start":{"line":0,"column":0},"end":{"line":0,"column":0},"skip":true},"4":{"start":{"line":0,"column":0},"end":{"line":0,"column":0},"skip":true},"5":{"start":{"line":0,"column":0},"end":{"line":0,"column":0},"skip":true},"6":{"start":{"line":0,"column":0},"end":{"line":0,"column":0},"skip":true},"7":{"start":{"line":0,"column":0},"end":{"line":0,"column":0},"skip":true},"8":{"start":{"line":0,"column":0},"end":{"line":0,"column":0},"skip":true},"9":{"start":{"line":0,"column":0},"end":{"line":0,"column":0},"skip":true},"10":{"start":{"line":0,"column":0},"end":{"line":0,"column":0},"skip":true},"11":{"start":{"line":0,"column":0},"end":{"line":0,"column":0},"skip":true},"12":{"start":{"line":1,"column":0},"end":{"line":null,"column":null}},"13":{"start":{"line":0,"column":0},"end":{"line":0,"column":0},"skip":true},"14":{"start":{"line":2,"column":0},"end":{"line":null,"column":null}},"15":{"start":{"line":0,"column":0},"end":{"line":0,"column":0},"skip":true},"16":{"start":{"line":3,"column":0},"end":{"line":null,"column":null}},"17":{"start":{"line":4,"column":0},"end":{"line":null,"column":null}},"18":{"start":{"line":5,"column":0},"end":{"line":null,"column":null}},"19":{"start":{"line":0,"column":0},"end":{"line":0,"column":0},"skip":true},"20":{"start":{"line":6,"column":0},"end":{"line":null,"column":null}},"21":{"start":{"line":0,"column":0},"end":{"line":0,"column":0},"skip":true},"22":{"start":{"line":7,"column":0},"end":{"line":null,"column":null}},"23":{"start":{"line":0,"column":0},"end":{"line":0,"column":0},"skip":true},"24":{"start":{"line":8,"column":0},"end":{"line":null,"column":null}},"25":{"start":{"line":0,"column":0},"end":{"line":0,"column":0},"skip":true},"26":{"start":{"line":0,"column":0},"end":{"line":0,"column":0},"skip":true},"27":{"start":{"line":0,"column":0},"end":{"line":0,"column":0},"skip":true},"28":{"start":{"line":10,"column":6},"end":{"line":null,"column":null}},"29":{"start":{"line":0,"column":0},"end":{"line":0,"column":0},"skip":true},"30":{"start":{"line":11,"column":16},"end":{"line":null,"column":null}},"31":{"start":{"line":0,"column":0},"end":{"line":0,"column":0},"skip":true},"32":{"start":{"line":12,"column":14},"end":{"line":null,"column":null}},"33":{"start":{"line":31,"column":4},"end":{"line":null,"column":null}},"34":{"start":{"line":32,"column":12},"end":{"line":null,"column":null}},"35":{"start":{"line":34,"column":12},"end":{"line":null,"column":null}},"36":{"start":{"line":35,"column":18},"end":{"line":null,"column":null}},"37":{"start":{"line":36,"column":17},"end":{"line":null,"column":null}},"38":{"start":{"line":42,"column":16},"end":{"line":null,"column":null}},"39":{"start":{"line":44,"column":17},"end":{"line":null,"column":null}},"40":{"start":{"line":49,"column":31},"end":{"line":null,"column":null}},"41":{"start":{"line":51,"column":31},"end":{"line":null,"column":null}},"42":{"start":{"line":52,"column":17},"end":{"line":null,"column":null}},"43":{"start":{"line":55,"column":32},"end":{"line":null,"column":null}},"44":{"start":{"line":57,"column":17},"end":{"line":null,"column":null}},"45":{"start":{"line":65,"column":4},"end":{"line":null,"column":null}},"46":{"start":{"line":66,"column":16},"end":{"line":null,"column":null}},"47":{"start":{"line":67,"column":12},"end":{"line":null,"column":null}},"48":{"start":{"line":68,"column":21},"end":{"line":null,"column":null}},"49":{"start":{"line":69,"column":17},"end":{"line":null,"column":null}},"50":{"start":{"line":75,"column":4},"end":{"line":null,"column":null}},"51":{"start":{"line":76,"column":16},"end":{"line":null,"column":null}},"52":{"start":{"line":77,"column":14},"end":{"line":null,"column":null}},"53":{"start":{"line":77,"column":53},"end":{"line":null,"column":null}},"54":{"start":{"line":78,"column":13},"end":{"line":null,"column":null}},"55":{"start":{"line":83,"column":4},"end":{"line":null,"column":null}},"56":{"start":{"line":84,"column":14},"end":{"line":null,"column":null}},"57":{"start":{"line":85,"column":16},"end":{"line":null,"column":null}},"58":{"start":{"line":86,"column":16},"end":{"line":null,"column":null}},"59":{"start":{"line":87,"column":13},"end":{"line":null,"column":null}},"60":{"start":{"line":94,"column":4},"end":{"line":null,"column":null}},"61":{"start":{"line":95,"column":60},"end":{"line":null,"column":null}},"62":{"start":{"line":96,"column":14},"end":{"line":null,"column":null}},"63":{"start":{"line":100,"column":25},"end":{"line":null,"column":null}},"64":{"start":{"line":103,"column":12},"end":{"line":null,"column":null}},"65":{"start":{"line":110,"column":32},"end":{"line":null,"column":null}},"66":{"start":{"line":111,"column":96},"end":{"line":null,"column":null}},"67":{"start":{"line":120,"column":32},"end":{"line":null,"column":null}},"68":{"start":{"line":121,"column":79},"end":{"line":null,"column":null}},"69":{"start":{"line":133,"column":4},"end":{"line":null,"column":null}},"70":{"start":{"line":134,"column":16},"end":{"line":null,"column":null}},"71":{"start":{"line":137,"column":4},"end":{"line":null,"column":null}},"72":{"start":{"line":138,"column":12},"end":{"line":null,"column":null}},"73":{"start":{"line":139,"column":18},"end":{"line":null,"column":null}},"74":{"start":{"line":140,"column":20},"end":{"line":null,"column":null}},"75":{"start":{"line":141,"column":20},"end":{"line":null,"column":null}},"76":{"start":{"line":142,"column":17},"end":{"line":null,"column":null}},"77":{"start":{"line":13,"column":13},"end":{"line":null,"column":null}},"78":{"start":{"line":20,"column":13},"end":{"line":null,"column":null}},"79":{"start":{"line":0,"column":0},"end":{"line":0,"column":0},"skip":true},"80":{"start":{"line":0,"column":0},"end":{"line":0,"column":0},"skip":true},"81":{"start":{"line":24,"column":17},"end":{"line":null,"column":null}},"82":{"start":{"line":28,"column":17},"end":{"line":null,"column":null}},"83":{"start":{"line":0,"column":0},"end":{"line":0,"column":0},"skip":true},"84":{"start":{"line":151,"column":16},"end":{"line":null,"column":null}},"85":{"start":{"line":152,"column":66},"end":{"line":null,"column":null}},"86":{"start":{"line":154,"column":16},"end":{"line":null,"column":null}},"87":{"start":{"line":156,"column":12},"end":{"line":null,"column":null}},"88":{"start":{"line":158,"column":43},"end":{"line":null,"column":null}},"89":{"start":{"line":164,"column":63},"end":{"line":null,"column":null}},"90":{"start":{"line":181,"column":48},"end":{"line":null,"column":null}},"91":{"start":{"line":185,"column":135},"end":{"line":null,"column":null}},"92":{"start":{"line":0,"column":0},"end":{"line":0,"column":0},"skip":true},"93":{"start":{"line":215,"column":15},"end":{"line":null,"column":null}},"94":{"start":{"line":0,"column":0},"end":{"line":0,"column":0},"skip":true}},"branchMap":{"1":{"line":0,"type":"cond-expr","locations":[{"start":{"line":0,"column":0},"end":{"line":0,"column":0},"skip":true},{"start":{"line":0,"column":0},"end":{"line":0,"column":0},"skip":true}]},"2":{"line":0,"type":"binary-expr","locations":[{"start":{"line":0,"column":0},"end":{"line":0,"column":0},"skip":true},{"start":{"line":0,"column":0},"end":{"line":0,"column":0},"skip":true}]},"3":{"line":12,"type":"binary-expr","locations":[{"start":{"line":12,"column":14},"end":{"line":12,"column":14}},{"start":{"line":12,"column":14},"end":{"line":12,"column":14}}]},"4":{"line":34,"type":"if","locations":[{"start":{"line":34,"column":12},"end":{"line":34,"column":12}},{"start":{"line":34,"column":12},"end":{"line":34,"column":12}}]},"5":{"line":55,"type":"cond-expr","locations":[{"start":{"line":55,"column":64},"end":{"line":55,"column":32}},{"start":{"line":55,"column":86},"end":{"line":55,"column":12}}]},"6":{"line":67,"type":"if","locations":[{"start":{"line":67,"column":12},"end":{"line":67,"column":12}},{"start":{"line":67,"column":12},"end":{"line":67,"column":12}}]},"7":{"line":100,"type":"cond-expr","locations":[{"start":{"line":100,"column":53},"end":{"line":100,"column":33}},{"start":{"line":100,"column":76},"end":{"line":100,"column":8}}]},"8":{"line":107,"type":"cond-expr","locations":[{"start":{"line":107,"column":24},"end":{"line":105,"column":17}},{"start":{"line":118,"column":24},"end":{"line":null,"column":null}}]},"9":{"line":138,"type":"if","locations":[{"start":{"line":138,"column":12},"end":{"line":138,"column":12}},{"start":{"line":138,"column":12},"end":{"line":138,"column":12}}]},"10":{"line":165,"type":"cond-expr","locations":[{"start":{"line":165,"column":74},"end":{"line":165,"column":53}},{"start":{"line":165,"column":122},"end":{"line":165,"column":36}}]},"11":{"line":179,"type":"cond-expr","locations":[{"start":{"line":179,"column":40},"end":{"line":177,"column":33}},{"start":{"line":191,"column":40},"end":{"line":null,"column":null}}]},"12":{"line":205,"type":"cond-expr","locations":[{"start":{"line":205,"column":164},"end":{"line":205,"column":125}},{"start":{"line":205,"column":175},"end":{"line":null,"column":null}}]},"13":{"line":205,"type":"binary-expr","locations":[{"start":{"line":205,"column":145},"end":{"line":205,"column":145}},{"start":{"line":205,"column":145},"end":{"line":205,"column":125}}]}}},"D:\\B2B_program files\\Sprints\\Sprint2\\Sprint2-Final-V2-2018-08-30\\app\\Components\\Header\\HeaderComponent.jsx":{"path":"D:\\B2B_program files\\Sprints\\Sprint2\\Sprint2-Final-V2-2018-08-30\\app\\Components\\Header\\HeaderComponent.jsx","s":{"1":1,"2":1,"3":1,"4":1,"5":1,"6":1,"7":1,"8":1,"9":1,"10":3,"11":1,"12":1,"13":1,"14":1,"15":1},"b":{"1":[0,3],"2":[3,3]},"f":{"1":3,"2":1,"3":1},"fnMap":{"1":{"name":"_interopRequireDefault","line":0,"loc":{"start":{"line":0,"column":0},"end":{"line":0,"column":0}},"skip":true},"2":{"name":"HeaderComponent","line":6,"loc":{"start":{"line":6,"column":24},"end":{"line":null,"column":null}}},"3":{"name":"onClick","line":9,"loc":{"start":{"line":9,"column":24},"end":{"line":null,"column":null}}}},"statementMap":{"1":{"start":{"line":0,"column":0},"end":{"line":0,"column":0},"skip":true},"2":{"start":{"line":1,"column":0},"end":{"line":null,"column":null}},"3":{"start":{"line":0,"column":0},"end":{"line":0,"column":0},"skip":true},"4":{"start":{"line":2,"column":0},"end":{"line":null,"column":null}},"5":{"start":{"line":3,"column":0},"end":{"line":null,"column":null}},"6":{"start":{"line":0,"column":0},"end":{"line":0,"column":0},"skip":true},"7":{"start":{"line":4,"column":0},"end":{"line":null,"column":null}},"8":{"start":{"line":0,"column":0},"end":{"line":0,"column":0},"skip":true},"9":{"start":{"line":0,"column":0},"end":{"line":0,"column":0},"skip":true},"10":{"start":{"line":0,"column":0},"end":{"line":0,"column":0},"skip":true},"11":{"start":{"line":6,"column":0},"end":{"line":null,"column":null}},"12":{"start":{"line":7,"column":4},"end":{"line":null,"column":null}},"13":{"start":{"line":9,"column":30},"end":{"line":null,"column":null}},"14":{"start":{"line":16,"column":15},"end":{"line":null,"column":null}},"15":{"start":{"line":0,"column":0},"end":{"line":0,"column":0},"skip":true}},"branchMap":{"1":{"line":0,"type":"cond-expr","locations":[{"start":{"line":0,"column":0},"end":{"line":0,"column":0},"skip":true},{"start":{"line":0,"column":0},"end":{"line":0,"column":0},"skip":true}]},"2":{"line":0,"type":"binary-expr","locations":[{"start":{"line":0,"column":0},"end":{"line":0,"column":0},"skip":true},{"start":{"line":0,"column":0},"end":{"line":0,"column":0},"skip":true}]}}},"D:\\B2B_program files\\Sprints\\Sprint2\\Sprint2-Final-V2-2018-08-30\\app\\Components\\Login\\Login.jsx":{"path":"D:\\B2B_program files\\Sprints\\Sprint2\\Sprint2-Final-V2-2018-08-30\\app\\Components\\Login\\Login.jsx","s":{"1":1,"2":1,"3":1,"4":1,"5":1,"6":1,"7":1,"8":1,"9":1,"10":1,"11":1,"12":1,"13":1,"14":1,"15":1,"16":1,"17":1,"18":1,"19":1,"20":1,"21":1,"22":1,"23":1,"24":1,"25":1,"26":9,"27":1,"28":22,"29":22,"30":22,"31":22,"32":22,"33":22,"34":21,"35":1,"36":1,"37":22,"38":20,"39":2,"40":1,"41":1,"42":1,"43":22,"44":1,"45":16,"46":16,"47":1,"48":1,"49":1,"50":16,"51":16,"52":16,"53":1,"54":16,"55":1,"56":16,"57":0,"58":0,"59":0,"60":16,"61":0,"62":0,"63":0,"64":16,"65":1,"66":16,"67":16,"68":1,"69":16,"70":1,"71":0,"72":17,"73":17,"74":17,"75":17,"76":0,"77":0,"78":17,"79":0,"80":0,"81":0,"82":1,"83":1,"84":1,"85":1,"86":8,"87":1,"88":8,"89":1},"b":{"1":[6,3],"2":[9,9],"3":[21,1],"4":[1,0],"5":[20,2],"6":[1,1],"7":[1,0],"8":[16,0,0],"9":[16,0],"10":[0,1]},"f":{"1":9,"2":22,"3":16,"4":1,"5":16,"6":1,"7":1,"8":0,"9":0,"10":1,"11":16,"12":1,"13":17,"14":0,"15":0,"16":0,"17":0,"18":8,"19":8},"fnMap":{"1":{"name":"_interopRequireDefault","line":0,"loc":{"start":{"line":0,"column":0},"end":{"line":0,"column":0}},"skip":true},"2":{"name":"validate","line":10,"loc":{"start":{"line":10,"column":24},"end":{"line":10,"column":36}}},"3":{"name":"renderField","line":36,"loc":{"start":{"line":36,"column":27},"end":{"line":null,"column":null}}},"4":{"name":"(anonymous_4)","line":0,"loc":{"start":{"line":0,"column":0},"end":{"line":0,"column":0}},"skip":true},"5":{"name":"Login","line":59,"loc":{"start":{"line":59,"column":18},"end":{"line":59,"column":18}}},"6":{"name":"(anonymous_6)","line":70,"loc":{"start":{"line":70,"column":13},"end":{"line":70,"column":19}}},"7":{"name":"(anonymous_7)","line":74,"loc":{"start":{"line":74,"column":19},"end":{"line":74,"column":25}}},"8":{"name":"(anonymous_8)","line":80,"loc":{"start":{"line":80,"column":15},"end":{"line":80,"column":21}}},"9":{"name":"(anonymous_9)","line":86,"loc":{"start":{"line":86,"column":21},"end":{"line":86,"column":27}}},"10":{"name":"(anonymous_10)","line":92,"loc":{"start":{"line":92,"column":22},"end":{"line":92,"column":28}}},"11":{"name":"componentDidMount","line":66,"loc":{"start":{"line":66,"column":24},"end":{"line":66,"column":24}}},"12":{"name":"escFunction","line":96,"loc":{"start":{"line":96,"column":14},"end":{"line":96,"column":21}}},"13":{"name":"render","line":102,"loc":{"start":{"line":102,"column":11},"end":{"line":102,"column":11}}},"14":{"name":"handleSubmitForm","line":105,"loc":{"start":{"line":105,"column":31},"end":{"line":105,"column":43}}},"15":{"name":"onClick","line":143,"loc":{"start":{"line":143,"column":46},"end":{"line":null,"column":null}}},"16":{"name":"onClick","line":150,"loc":{"start":{"line":150,"column":43},"end":{"line":null,"column":null}}},"17":{"name":"onClick","line":156,"loc":{"start":{"line":156,"column":43},"end":{"line":null,"column":null}}},"18":{"name":"mapStateToProps","line":172,"loc":{"start":{"line":172,"column":24},"end":{"line":null,"column":null}}},"19":{"name":"matchDispatchToProps","line":177,"loc":{"start":{"line":177,"column":29},"end":{"line":null,"column":null}}}},"statementMap":{"1":{"start":{"line":0,"column":0},"end":{"line":0,"column":0},"skip":true},"2":{"start":{"line":0,"column":0},"end":{"line":0,"column":0},"skip":true},"3":{"start":{"line":0,"column":0},"end":{"line":0,"column":0},"skip":true},"4":{"start":{"line":0,"column":0},"end":{"line":0,"column":0},"skip":true},"5":{"start":{"line":0,"column":0},"end":{"line":0,"column":0},"skip":true},"6":{"start":{"line":0,"column":0},"end":{"line":0,"column":0},"skip":true},"7":{"start":{"line":0,"column":0},"end":{"line":0,"column":0},"skip":true},"8":{"start":{"line":0,"column":0},"end":{"line":0,"column":0},"skip":true},"9":{"start":{"line":0,"column":0},"end":{"line":0,"column":0},"skip":true},"10":{"start":{"line":0,"column":0},"end":{"line":0,"column":0},"skip":true},"11":{"start":{"line":0,"column":0},"end":{"line":0,"column":0},"skip":true},"12":{"start":{"line":0,"column":0},"end":{"line":0,"column":0},"skip":true},"13":{"start":{"line":1,"column":0},"end":{"line":null,"column":null}},"14":{"start":{"line":0,"column":0},"end":{"line":0,"column":0},"skip":true},"15":{"start":{"line":2,"column":0},"end":{"line":null,"column":null}},"16":{"start":{"line":3,"column":0},"end":{"line":null,"column":null}},"17":{"start":{"line":4,"column":0},"end":{"line":null,"column":null}},"18":{"start":{"line":5,"column":0},"end":{"line":null,"column":null}},"19":{"start":{"line":0,"column":0},"end":{"line":0,"column":0},"skip":true},"20":{"start":{"line":6,"column":0},"end":{"line":null,"column":null}},"21":{"start":{"line":0,"column":0},"end":{"line":0,"column":0},"skip":true},"22":{"start":{"line":7,"column":0},"end":{"line":null,"column":null}},"23":{"start":{"line":0,"column":0},"end":{"line":0,"column":0},"skip":true},"24":{"start":{"line":8,"column":0},"end":{"line":null,"column":null}},"25":{"start":{"line":0,"column":0},"end":{"line":0,"column":0},"skip":true},"26":{"start":{"line":0,"column":0},"end":{"line":0,"column":0},"skip":true},"27":{"start":{"line":10,"column":7},"end":{"line":null,"column":null}},"28":{"start":{"line":11,"column":10},"end":{"line":null,"column":null}},"29":{"start":{"line":13,"column":10},"end":{"line":null,"column":null}},"30":{"start":{"line":14,"column":10},"end":{"line":null,"column":null}},"31":{"start":{"line":15,"column":10},"end":{"line":null,"column":null}},"32":{"start":{"line":17,"column":10},"end":{"line":null,"column":null}},"33":{"start":{"line":19,"column":8},"end":{"line":null,"column":null}},"34":{"start":{"line":20,"column":14},"end":{"line":null,"column":null}},"35":{"start":{"line":21,"column":11},"end":{"line":null,"column":null}},"36":{"start":{"line":22,"column":14},"end":{"line":null,"column":null}},"37":{"start":{"line":25,"column":8},"end":{"line":null,"column":null}},"38":{"start":{"line":26,"column":14},"end":{"line":null,"column":null}},"39":{"start":{"line":27,"column":11},"end":{"line":null,"column":null}},"40":{"start":{"line":28,"column":14},"end":{"line":null,"column":null}},"41":{"start":{"line":29,"column":11},"end":{"line":null,"column":null}},"42":{"start":{"line":30,"column":14},"end":{"line":null,"column":null}},"43":{"start":{"line":32,"column":11},"end":{"line":null,"column":null}},"44":{"start":{"line":36,"column":7},"end":{"line":null,"column":null}},"45":{"start":{"line":37,"column":4},"end":{"line":null,"column":null}},"46":{"start":{"line":40,"column":4},"end":{"line":null,"column":null}},"47":{"start":{"line":58,"column":13},"end":{"line":null,"column":null}},"48":{"start":{"line":0,"column":0},"end":{"line":0,"column":0},"skip":true},"49":{"start":{"line":59,"column":18},"end":{"line":null,"column":null}},"50":{"start":{"line":0,"column":0},"end":{"line":0,"column":0},"skip":true},"51":{"start":{"line":0,"column":0},"end":{"line":0,"column":0},"skip":true},"52":{"start":{"line":70,"column":2},"end":{"line":null,"column":null}},"53":{"start":{"line":71,"column":14},"end":{"line":null,"column":null}},"54":{"start":{"line":74,"column":2},"end":{"line":null,"column":null}},"55":{"start":{"line":75,"column":11},"end":{"line":null,"column":null}},"56":{"start":{"line":80,"column":2},"end":{"line":null,"column":null}},"57":{"start":{"line":81,"column":35},"end":{"line":null,"column":null}},"58":{"start":{"line":82,"column":14},"end":{"line":null,"column":null}},"59":{"start":{"line":83,"column":14},"end":{"line":null,"column":null}},"60":{"start":{"line":86,"column":2},"end":{"line":null,"column":null}},"61":{"start":{"line":87,"column":45},"end":{"line":null,"column":null}},"62":{"start":{"line":88,"column":14},"end":{"line":null,"column":null}},"63":{"start":{"line":89,"column":14},"end":{"line":null,"column":null}},"64":{"start":{"line":92,"column":2},"end":{"line":null,"column":null}},"65":{"start":{"line":93,"column":14},"end":{"line":null,"column":null}},"66":{"start":{"line":61,"column":13},"end":{"line":null,"column":null}},"67":{"start":{"line":0,"column":0},"end":{"line":0,"column":0},"skip":true},"68":{"start":{"line":0,"column":0},"end":{"line":0,"column":0},"skip":true},"69":{"start":{"line":67,"column":17},"end":{"line":null,"column":null}},"70":{"start":{"line":97,"column":10},"end":{"line":null,"column":null}},"71":{"start":{"line":98,"column":16},"end":{"line":null,"column":null}},"72":{"start":{"line":0,"column":0},"end":{"line":0,"column":0},"skip":true},"73":{"start":{"line":103,"column":14},"end":{"line":null,"column":null}},"74":{"start":{"line":104,"column":14},"end":{"line":null,"column":null}},"75":{"start":{"line":105,"column":12},"end":{"line":null,"column":null}},"76":{"start":{"line":106,"column":18},"end":{"line":null,"column":null}},"77":{"start":{"line":107,"column":18},"end":{"line":null,"column":null}},"78":{"start":{"line":110,"column":10},"end":{"line":null,"column":null}},"79":{"start":{"line":143,"column":52},"end":{"line":null,"column":null}},"80":{"start":{"line":150,"column":49},"end":{"line":null,"column":null}},"81":{"start":{"line":156,"column":49},"end":{"line":null,"column":null}},"82":{"start":{"line":0,"column":0},"end":{"line":0,"column":0},"skip":true},"83":{"start":{"line":167,"column":0},"end":{"line":null,"column":null}},"84":{"start":{"line":171,"column":0},"end":{"line":null,"column":null}},"85":{"start":{"line":172,"column":0},"end":{"line":null,"column":null}},"86":{"start":{"line":172,"column":34},"end":{"line":null,"column":null}},"87":{"start":{"line":177,"column":0},"end":{"line":null,"column":null}},"88":{"start":{"line":177,"column":42},"end":{"line":null,"column":null}},"89":{"start":{"line":183,"column":15},"end":{"line":null,"column":null}}},"branchMap":{"1":{"line":0,"type":"cond-expr","locations":[{"start":{"line":0,"column":0},"end":{"line":0,"column":0},"skip":true},{"start":{"line":0,"column":0},"end":{"line":0,"column":0},"skip":true}]},"2":{"line":0,"type":"binary-expr","locations":[{"start":{"line":0,"column":0},"end":{"line":0,"column":0},"skip":true},{"start":{"line":0,"column":0},"end":{"line":0,"column":0},"skip":true}]},"3":{"line":19,"type":"if","locations":[{"start":{"line":19,"column":8},"end":{"line":19,"column":8}},{"start":{"line":19,"column":8},"end":{"line":19,"column":8}}]},"4":{"line":21,"type":"if","locations":[{"start":{"line":21,"column":11},"end":{"line":21,"column":11}},{"start":{"line":21,"column":11},"end":{"line":21,"column":11}}]},"5":{"line":25,"type":"if","locations":[{"start":{"line":25,"column":8},"end":{"line":25,"column":8}},{"start":{"line":25,"column":8},"end":{"line":25,"column":8}}]},"6":{"line":27,"type":"if","locations":[{"start":{"line":27,"column":11},"end":{"line":27,"column":11}},{"start":{"line":27,"column":11},"end":{"line":27,"column":11}}]},"7":{"line":29,"type":"if","locations":[{"start":{"line":29,"column":11},"end":{"line":29,"column":11}},{"start":{"line":29,"column":11},"end":{"line":29,"column":11}}]},"8":{"line":51,"type":"binary-expr","locations":[{"start":{"line":51,"column":21},"end":{"line":51,"column":21}},{"start":{"line":51,"column":21},"end":{"line":52,"column":12}},{"start":{"line":52,"column":12},"end":{"line":null,"column":null}}]},"9":{"line":0,"type":"binary-expr","locations":[{"start":{"line":0,"column":0},"end":{"line":0,"column":0},"skip":true},{"start":{"line":0,"column":0},"end":{"line":0,"column":0},"skip":true}]},"10":{"line":97,"type":"if","locations":[{"start":{"line":97,"column":10},"end":{"line":97,"column":10}},{"start":{"line":97,"column":10},"end":{"line":97,"column":10}}]}}},"D:\\B2B_program files\\Sprints\\Sprint2\\Sprint2-Final-V2-2018-08-30\\app\\Components\\Model\\Model.jsx":{"path":"D:\\B2B_program files\\Sprints\\Sprint2\\Sprint2-Final-V2-2018-08-30\\app\\Components\\Model\\Model.jsx","s":{"1":1,"2":1,"3":1,"4":1,"5":1,"6":1,"7":1,"8":1,"9":1,"10":1,"11":1,"12":3,"13":1,"14":3,"15":3,"16":1,"17":1,"18":1},"b":{"1":[1,2],"2":[3,3]},"f":{"1":3,"2":3,"3":1},"fnMap":{"1":{"name":"_interopRequireDefault","line":0,"loc":{"start":{"line":0,"column":0},"end":{"line":0,"column":0}},"skip":true},"2":{"name":"ModalPopup","line":7,"loc":{"start":{"line":7,"column":19},"end":{"line":7,"column":30}}},"3":{"name":"onClick","line":28,"loc":{"start":{"line":28,"column":65},"end":{"line":null,"column":null}}}},"statementMap":{"1":{"start":{"line":0,"column":0},"end":{"line":0,"column":0},"skip":true},"2":{"start":{"line":0,"column":0},"end":{"line":0,"column":0},"skip":true},"3":{"start":{"line":0,"column":0},"end":{"line":0,"column":0},"skip":true},"4":{"start":{"line":1,"column":0},"end":{"line":null,"column":null}},"5":{"start":{"line":0,"column":0},"end":{"line":0,"column":0},"skip":true},"6":{"start":{"line":2,"column":0},"end":{"line":null,"column":null}},"7":{"start":{"line":3,"column":0},"end":{"line":null,"column":null}},"8":{"start":{"line":4,"column":0},"end":{"line":null,"column":null}},"9":{"start":{"line":0,"column":0},"end":{"line":0,"column":0},"skip":true},"10":{"start":{"line":5,"column":0},"end":{"line":null,"column":null}},"11":{"start":{"line":0,"column":0},"end":{"line":0,"column":0},"skip":true},"12":{"start":{"line":0,"column":0},"end":{"line":0,"column":0},"skip":true},"13":{"start":{"line":7,"column":0},"end":{"line":null,"column":null}},"14":{"start":{"line":8,"column":12},"end":{"line":null,"column":null}},"15":{"start":{"line":10,"column":8},"end":{"line":null,"column":null}},"16":{"start":{"line":28,"column":71},"end":{"line":null,"column":null}},"17":{"start":{"line":34,"column":15},"end":{"line":null,"column":null}},"18":{"start":{"line":0,"column":0},"end":{"line":0,"column":0},"skip":true}},"branchMap":{"1":{"line":0,"type":"cond-expr","locations":[{"start":{"line":0,"column":0},"end":{"line":0,"column":0},"skip":true},{"start":{"line":0,"column":0},"end":{"line":0,"column":0},"skip":true}]},"2":{"line":0,"type":"binary-expr","locations":[{"start":{"line":0,"column":0},"end":{"line":0,"column":0},"skip":true},{"start":{"line":0,"column":0},"end":{"line":0,"column":0},"skip":true}]}}},"D:\\B2B_program files\\Sprints\\Sprint2\\Sprint2-Final-V2-2018-08-30\\app\\Components\\Model\\SuccessPopup.jsx":{"path":"D:\\B2B_program files\\Sprints\\Sprint2\\Sprint2-Final-V2-2018-08-30\\app\\Components\\Model\\SuccessPopup.jsx","s":{"1":1,"2":1,"3":1,"4":1,"5":1,"6":1,"7":1,"8":1,"9":2,"10":1,"11":1,"12":1,"13":1,"14":1},"b":{"1":[0,2],"2":[2,2],"3":[1,0],
[...]
":0,"column":0},"skip":true},"5":{"start":{"line":0,"column":0},"end":{"line":0,"column":0},"skip":true},"6":{"start":{"line":0,"column":0},"end":{"line":0,"column":0},"skip":true},"7":{"start":{"line":0,"column":0},"end":{"line":0,"column":0},"skip":true},"8":{"start":{"line":0,"column":0},"end":{"line":0,"column":0},"skip":true},"9":{"start":{"line":0,"column":0},"end":{"line":0,"column":0},"skip":true},"10":{"start":{"line":0,"column":0},"end":{"line":0,"column":0},"skip":true},"11":{"start":{"line":0,"column":0},"end":{"line":0,"column":0},"skip":true},"12":{"start":{"line":0,"column":0},"end":{"line":0,"column":0},"skip":true},"13":{"start":{"line":1,"column":0},"end":{"line":null,"column":null}},"14":{"start":{"line":0,"column":0},"end":{"line":0,"column":0},"skip":true},"15":{"start":{"line":2,"column":0},"end":{"line":null,"column":null}},"16":{"start":{"line":3,"column":0},"end":{"line":null,"column":null}},"17":{"start":{"line":0,"column":0},"end":{"line":0,"column":0},"skip":true},"18":{"start":{"line":4,"column":0},"end":{"line":null,"column":null}},"19":{"start":{"line":0,"column":0},"end":{"line":0,"column":0},"skip":true},"20":{"start":{"line":5,"column":0},"end":{"line":null,"column":null}},"21":{"start":{"line":9,"column":0},"end":{"line":null,"column":null}},"22":{"start":{"line":0,"column":0},"end":{"line":0,"column":0},"skip":true},"23":{"start":{"line":0,"column":0},"end":{"line":0,"column":0},"skip":true},"24":{"start":{"line":11,"column":0},"end":{"line":null,"column":null}},"25":{"start":{"line":12,"column":10},"end":{"line":null,"column":null}},"26":{"start":{"line":14,"column":10},"end":{"line":null,"column":null}},"27":{"start":{"line":15,"column":10},"end":{"line":null,"column":null}},"28":{"start":{"line":17,"column":8},"end":{"line":null,"column":null}},"29":{"start":{"line":18,"column":14},"end":{"line":null,"column":null}},"30":{"start":{"line":19,"column":11},"end":{"line":null,"column":null}},"31":{"start":{"line":20,"column":14},"end":{"line":null,"column":null}},"32":{"start":{"line":23,"column":8},"end":{"line":null,"column":null}},"33":{"start":{"line":24,"column":14},"end":{"line":null,"column":null}},"34":{"start":{"line":26,"column":11},"end":{"line":null,"column":null}},"35":{"start":{"line":30,"column":7},"end":{"line":null,"column":null}},"36":{"start":{"line":31,"column":4},"end":{"line":null,"column":null}},"37":{"start":{"line":34,"column":4},"end":{"line":null,"column":null}},"38":{"start":{"line":52,"column":13},"end":{"line":null,"column":null}},"39":{"start":{"line":0,"column":0},"end":{"line":0,"column":0},"skip":true},"40":{"start":{"line":53,"column":18},"end":{"line":null,"column":null}},"41":{"start":{"line":0,"column":0},"end":{"line":0,"column":0},"skip":true},"42":{"start":{"line":0,"column":0},"end":{"line":0,"column":0},"skip":true},"43":{"start":{"line":59,"column":2},"end":{"line":null,"column":null}},"44":{"start":{"line":60,"column":11},"end":{"line":null,"column":null}},"45":{"start":{"line":55,"column":13},"end":{"line":null,"column":null}},"46":{"start":{"line":56,"column":13},"end":{"line":null,"column":null}},"47":{"start":{"line":0,"column":0},"end":{"line":0,"column":0},"skip":true},"48":{"start":{"line":0,"column":0},"end":{"line":0,"column":0},"skip":true},"49":{"start":{"line":66,"column":14},"end":{"line":null,"column":null}},"50":{"start":{"line":67,"column":11},"end":{"line":null,"column":null}},"51":{"start":{"line":0,"column":0},"end":{"line":0,"column":0},"skip":true},"52":{"start":{"line":74,"column":14},"end":{"line":null,"column":null}},"53":{"start":{"line":75,"column":32},"end":{"line":null,"column":null}},"54":{"start":{"line":76,"column":12},"end":{"line":null,"column":null}},"55":{"start":{"line":77,"column":18},"end":{"line":null,"column":null}},"56":{"start":{"line":78,"column":15},"end":{"line":null,"column":null}},"57":{"start":{"line":81,"column":12},"end":{"line":null,"column":null}},"58":{"start":{"line":99,"column":12},"end":{"line":null,"column":null}},"59":{"start":{"line":103,"column":33},"end":{"line":null,"column":null}},"60":{"start":{"line":116,"column":10},"end":{"line":null,"column":null}},"61":{"start":{"line":191,"column":52},"end":{"line":null,"column":null}},"62":{"start":{"line":0,"column":0},"end":{"line":0,"column":0},"skip":true},"63":{"start":{"line":203,"column":0},"end":{"line":null,"column":null}},"64":{"start":{"line":208,"column":15},"end":{"line":null,"column":null}}},"branchMap":{"1":{"line":0,"type":"cond-expr","locations":[{"start":{"line":0,"column":0},"end":{"line":0,"column":0},"skip":true},{"start":{"line":0,"column":0},"end":{"line":0,"column":0},"skip":true}]},"2":{"line":0,"type":"binary-expr","locations":[{"start":{"line":0,"column":0},"end":{"line":0,"column":0},"skip":true},{"start":{"line":0,"column":0},"end":{"line":0,"column":0},"skip":true}]},"3":{"line":17,"type":"if","locations":[{"start":{"line":17,"column":8},"end":{"line":17,"column":8}},{"start":{"line":17,"column":8},"end":{"line":17,"column":8}}]},"4":{"line":19,"type":"if","locations":[{"start":{"line":19,"column":11},"end":{"line":19,"column":11}},{"start":{"line":19,"column":11},"end":{"line":19,"column":11}}]},"5":{"line":23,"type":"if","locations":[{"start":{"line":23,"column":8},"end":{"line":23,"column":8}},{"start":{"line":23,"column":8},"end":{"line":23,"column":8}}]},"6":{"line":45,"type":"binary-expr","locations":[{"start":{"line":45,"column":21},"end":{"line":45,"column":21}},{"start":{"line":45,"column":21},"end":{"line":46,"column":12}},{"start":{"line":46,"column":12},"end":{"line":null,"column":null}}]},"7":{"line":0,"type":"binary-expr","locations":[{"start":{"line":0,"column":0},"end":{"line":0,"column":0},"skip":true},{"start":{"line":0,"column":0},"end":{"line":0,"column":0},"skip":true}]},"8":{"line":83,"type":"cond-expr","locations":[{"start":{"line":83,"column":14},"end":{"line":81,"column":26}},{"start":{"line":91,"column":14},"end":{"line":81,"column":6}}]},"9":{"line":101,"type":"cond-expr","locations":[{"start":{"line":101,"column":14},"end":{"line":99,"column":27}},{"start":{"line":109,"column":14},"end":{"line":99,"column":6}}]}}},"D:\\B2B_program files\\Sprints\\Sprint2\\Sprint2-Final-V2-2018-08-30\\app\\Components\\Footer\\FooterComponent.jsx":{"path":"D:\\B2B_program files\\Sprints\\Sprint2\\Sprint2-Final-V2-2018-08-30\\app\\Components\\Footer\\FooterComponent.jsx","s":{"1":0,"2":0,"3":0,"4":0,"5":0,"6":0,"7":0,"8":0,"9":0,"10":0,"11":0},"b":{"1":[0,0],"2":[0,0]},"f":{"1":0,"2":0},"fnMap":{"1":{"name":"_interopRequireDefault","line":0,"loc":{"start":{"line":0,"column":0},"end":{"line":0,"column":0}},"skip":true},"2":{"name":"FooterComponent","line":6,"loc":{"start":{"line":6,"column":24},"end":{"line":null,"column":null}}}},"statementMap":{"1":{"start":{"line":0,"column":0},"end":{"line":0,"column":0},"skip":true},"2":{"start":{"line":1,"column":0},"end":{"line":null,"column":null}},"3":{"start":{"line":0,"column":0},"end":{"line":0,"column":0},"skip":true},"4":{"start":{"line":2,"column":0},"end":{"line":null,"column":null}},"5":{"start":{"line":3,"column":0},"end":{"line":null,"column":null}},"6":{"start":{"line":0,"column":0},"end":{"line":0,"column":0},"skip":true},"7":{"start":{"line":0,"column":0},"end":{"line":0,"column":0},"skip":true},"8":{"start":{"line":6,"column":0},"end":{"line":null,"column":null}},"9":{"start":{"line":7,"column":4},"end":{"line":null,"column":null}},"10":{"start":{"line":41,"column":15},"end":{"line":null,"column":null}},"11":{"start":{"line":0,"column":0},"end":{"line":0,"column":0},"skip":true}},"branchMap":{"1":{"line":0,"type":"cond-expr","locations":[{"start":{"line":0,"column":0},"end":{"line":0,"column":0},"skip":true},{"start":{"line":0,"column":0},"end":{"line":0,"column":0},"skip":true}]},"2":{"line":0,"type":"binary-expr","locations":[{"start":{"line":0,"column":0},"end":{"line":0,"column":0},"skip":true},{"start":{"line":0,"column":0},"end":{"line":0,"column":0},"skip":true}]}}},"D:\\B2B_program files\\Sprints\\Sprint2\\Sprint2-Final-V2-2018-08-30\\app\\Components\\ForgotPassword\\SendEmail.jsx":{"path":"D:\\B2B_program files\\Sprints\\Sprint2\\Sprint2-Final-V2-2018-08-30\\app\\Components\\ForgotPassword\\SendEmail.jsx","s":{"1":0,"2":0,"3":0,"4":0,"5":0,"6":0,"7":0,"8":0,"9":0,"10":0,"11":0,"12":0,"13":0,"14":0,"15":0,"16":0,"17":0,"18":0,"19":0,"20":0,"21":0,"22":0,"23":0,"24":0,"25":0,"26":0,"27":0,"28":0,"29":0,"30":0,"31":0,"32":0,"33":0,"34":0,"35":0,"36":0},"b":{"1":[0,0],"2":[0,0],"3":[0,0],"4":[0,0],"5":[0,0,0]},"f":{"1":0,"2":0,"3":0,"4":0,"5":0,"6":0},"fnMap":{"1":{"name":"_interopRequireDefault","line":0,"loc":{"start":{"line":0,"column":0},"end":{"line":0,"column":0}},"skip":true},"2":{"name":"validate","line":8,"loc":{"start":{"line":8,"column":17},"end":{"line":8,"column":29}}},"3":{"name":"renderField","line":25,"loc":{"start":{"line":25,"column":27},"end":{"line":null,"column":null}}},"4":{"name":"sendEmail","line":47,"loc":{"start":{"line":47,"column":18},"end":{"line":47,"column":29}}},"5":{"name":"handleSubmitForm","line":49,"loc":{"start":{"line":49,"column":29},"end":{"line":49,"column":41}}},"6":{"name":"mapStateToProps","line":89,"loc":{"start":{"line":89,"column":24},"end":{"line":null,"column":null}}}},"statementMap":{"1":{"start":{"line":0,"column":0},"end":{"line":0,"column":0},"skip":true},"2":{"start":{"line":0,"column":0},"end":{"line":0,"column":0},"skip":true},"3":{"start":{"line":0,"column":0},"end":{"line":0,"column":0},"skip":true},"4":{"start":{"line":0,"column":0},"end":{"line":0,"column":0},"skip":true},"5":{"start":{"line":1,"column":0},"end":{"line":null,"column":null}},"6":{"start":{"line":0,"column":0},"end":{"line":0,"column":0},"skip":true},"7":{"start":{"line":2,"column":0},"end":{"line":null,"column":null}},"8":{"start":{"line":3,"column":0},"end":{"line":null,"column":null}},"9":{"start":{"line":4,"column":0},"end":{"line":null,"column":null}},"10":{"start":{"line":5,"column":0},"end":{"line":null,"column":null}},"11":{"start":{"line":0,"column":0},"end":{"line":0,"column":0},"skip":true},"12":{"start":{"line":6,"column":0},"end":{"line":null,"column":null}},"13":{"start":{"line":0,"column":0},"end":{"line":0,"column":0},"skip":true},"14":{"start":{"line":0,"column":0},"end":{"line":0,"column":0},"skip":true},"15":{"start":{"line":8,"column":0},"end":{"line":null,"column":null}},"16":{"start":{"line":9,"column":10},"end":{"line":null,"column":null}},"17":{"start":{"line":11,"column":10},"end":{"line":null,"column":null}},"18":{"start":{"line":13,"column":10},"end":{"line":null,"column":null}},"19":{"start":{"line":14,"column":8},"end":{"line":null,"column":null}},"20":{"start":{"line":15,"column":14},"end":{"line":null,"column":null}},"21":{"start":{"line":16,"column":11},"end":{"line":null,"column":null}},"22":{"start":{"line":17,"column":14},"end":{"line":null,"column":null}},"23":{"start":{"line":20,"column":11},"end":{"line":null,"column":null}},"24":{"start":{"line":25,"column":7},"end":{"line":null,"column":null}},"25":{"start":{"line":26,"column":4},"end":{"line":null,"column":null}},"26":{"start":{"line":29,"column":4},"end":{"line":null,"column":null}},"27":{"start":{"line":47,"column":0},"end":{"line":null,"column":null}},"28":{"start":{"line":48,"column":12},"end":{"line":null,"column":null}},"29":{"start":{"line":49,"column":10},"end":{"line":null,"column":null}},"30":{"start":{"line":50,"column":16},"end":{"line":null,"column":null}},"31":{"start":{"line":51,"column":16},"end":{"line":null,"column":null}},"32":{"start":{"line":55,"column":8},"end":{"line":null,"column":null}},"33":{"start":{"line":84,"column":0},"end":{"line":null,"column":null}},"34":{"start":{"line":89,"column":0},"end":{"line":null,"column":null}},"35":{"start":{"line":89,"column":34},"end":{"line":null,"column":null}},"36":{"start":{"line":96,"column":15},"end":{"line":null,"column":null}}},"branchMap":{"1":{"line":0,"type":"cond-expr","locations":[{"start":{"line":0,"column":0},"end":{"line":0,"column":0},"skip":true},{"start":{"line":0,"column":0},"end":{"line":0,"column":0},"skip":true}]},"2":{"line":0,"type":"binary-expr","locations":[{"start":{"line":0,"column":0},"end":{"line":0,"column":0},"skip":true},{"start":{"line":0,"column":0},"end":{"line":0,"column":0},"skip":true}]},"3":{"line":14,"type":"if","locations":[{"start":{"line":14,"column":8},"end":{"line":14,"column":8}},{"start":{"line":14,"column":8},"end":{"line":14,"column":8}}]},"4":{"line":16,"type":"if","locations":[{"start":{"line":16,"column":11},"end":{"line":16,"column":11}},{"start":{"line":16,"column":11},"end":{"line":16,"column":11}}]},"5":{"line":40,"type":"binary-expr","locations":[{"start":{"line":40,"column":21},"end":{"line":40,"column":21}},{"start":{"line":40,"column":21},"end":{"line":41,"column":12}},{"start":{"line":41,"column":12},"end":{"line":null,"column":null}}]}}},"D:\\B2B_program files\\Sprints\\Sprint2\\Sprint2-Final-V2-2018-08-30\\app\\Components\\Govt\\GovtShoppingPreference\\GovtShoppingPreference.jsx":{"path":"D:\\B2B_program files\\Sprints\\Sprint2\\Sprint2-Final-V2-2018-08-30\\app\\Components\\Govt\\GovtShoppingPreference\\GovtShoppingPreference.jsx","s":{},"b":{},"f":{},"fnMap":{},"statementMap":{},"branchMap":{}},"D:\\B2B_program files\\Sprints\\Sprint2\\Sprint2-Final-V2-2018-08-30\\app\\Components\\HomePage\\HomePage.jsx":{"path":"D:\\B2B_program files\\Sprints\\Sprint2\\Sprint2-Final-V2-2018-08-30\\app\\Components\\HomePage\\HomePage.jsx","s":{"1":0,"2":0,"3":0,"4":0,"5":0,"6":0,"7":0,"8":0,"9":0,"10":0,"11":0,"12":0,"13":0,"14":0,"15":0,"16":0,"17":0,"18":0,"19":0,"20":0,"21":0,"22":0,"23":0,"24":0,"25":0,"26":0,"27":0,"28":0,"29":0,"30":0,"31":0,"32":0,"33":0,"34":0},"b":{"1":[0,0],"2":[0,0],"3":[0,0],"4":[0,0]},"f":{"1":0,"2":0,"3":0,"4":0,"5":0},"fnMap":{"1":{"name":"_interopRequireDefault","line":0,"loc":{"start":{"line":0,"column":0},"end":{"line":0,"column":0}},"skip":true},"2":{"name":"(anonymous_2)","line":0,"loc":{"start":{"line":0,"column":0},"end":{"line":0,"column":0}},"skip":true},"3":{"name":"HomePage","line":11,"loc":{"start":{"line":11,"column":18},"end":{"line":11,"column":18}}},"4":{"name":"(anonymous_4)","line":16,"loc":{"start":{"line":16,"column":17},"end":{"line":16,"column":23}}},"5":{"name":"render","line":22,"loc":{"start":{"line":22,"column":13},"end":{"line":22,"column":13}}}},"statementMap":{"1":{"start":{"line":0,"column":0},"end":{"line":0,"column":0},"skip":true},"2":{"start":{"line":0,"column":0},"end":{"line":0,"column":0},"skip":true},"3":{"start":{"line":0,"column":0},"end":{"line":0,"column":0},"skip":true},"4":{"start":{"line":0,"column":0},"end":{"line":0,"column":0},"skip":true},"5":{"start":{"line":0,"column":0},"end":{"line":0,"column":0},"skip":true},"6":{"start":{"line":0,"column":0},"end":{"line":0,"column":0},"skip":true},"7":{"start":{"line":0,"column":0},"end":{"line":0,"column":0},"skip":true},"8":{"start":{"line":0,"column":0},"end":{"line":0,"column":0},"skip":true},"9":{"start":{"line":0,"column":0},"end":{"line":0,"column":0},"skip":true},"10":{"start":{"line":1,"column":0},"end":{"line":null,"column":null}},"11":{"start":{"line":0,"column":0},"end":{"line":0,"column":0},"skip":true},"12":{"start":{"line":2,"column":0},"end":{"line":null,"column":null}},"13":{"start":{"line":0,"column":0},"end":{"line":0,"column":0},"skip":true},"14":{"start":{"line":3,"column":0},"end":{"line":null,"column":null}},"15":{"start":{"line":0,"column":0},"end":{"line":0,"column":0},"skip":true},"16":{"start":{"line":0,"column":0},"end":{"line":0,"column":0},"skip":true},"17":{"start":{"line":0,"column":0},"end":{"line":0,"column":0},"skip":true},"18":{"start":{"line":5,"column":0},"end":{"line":null,"column":null}},"19":{"start":{"line":10,"column":6},"end":{"line":null,"column":null}},"20":{"start":{"line":0,"column":0},"end":{"line":0,"column":0},"skip":true},"21":{"start":{"line":11,"column":18},"end":{"line":null,"column":null}},"22":{"start":{"line":0,"column":0},"end":{"line":0,"column":0},"skip":true},"23":{"start":{"line":0,"column":0},"end":{"line":0,"column":0},"skip":true},"24":{"start":{"line":16,"column":4},"end":{"line":null,"column":null}},"25":{"start":{"line":18,"column":16},"end":{"line":null,"column":null}},"26":{"start":{"line":19,"column":13},"end":{"line":null,"column":null}},"27":{"start":{"line":13,"column":13},"end":{"line":null,"column":null}},"28":{"start":{"line":0,"column":0},"end":{"line":0,"column":0},"skip":true},"29":{"start":{"line":0,"column":0},"end":{"line":0,"column":0},"skip":true},"30":{"start":{"line":23,"column":16},"end":{"line":null,"column":null}},"31":{"start":{"line":25,"column":12},"end":{"line":null,"column":null}},"32":{"start":{"line":0,"column":0},"end":{"line":0,"column":0},"skip":true},"33":{"start":{"line":35,"column":15},"end":{"line":null,"column":null}},"34":{"start":{"line":0,"column":0},"end":{"line":0,"column":0},"skip":true}},"branchMap":{"1":{"line":0,"type":"cond-expr","locations":[{"start":{"line":0,"column":0},"end":{"line":0,"column":0},"skip":true},{"start":{"line":0,"column":0},"end":{"line":0,"column":0},"skip":true}]},"2":{"line":0,"type":"binary-expr","locations":[{"start":{"line":0,"column":0},"end":{"line":0,"column":0},"skip":true},{"start":{"line":0,"column":0},"end":{"line":0,"column":0},"skip":true}]},"3":{"line":0,"type":"binary-expr","locations":[{"start":{"line":0,"column":0},"end":{"line":0,"column":0},"skip":true},{"start":{"line":0,"column":0},"end":{"line":0,"column":0},"skip":true}]},"4":{"line":28,"type":"binary-expr","locations":[{"start":{"line":28,"column":38},"end":{"line":28,"column":38}},{"start":{"line":28,"column":38},"end":{"line":null,"column":null}}]}}},"D:\\B2B_program files\\Sprints\\Sprint2\\Sprint2-Final-V2-2018-08-30\\app\\Components\\Layout.jsx":{"path":"D:\\B2B_program files\\Sprints\\Sprint2\\Sprint2-Final-V2-2018-08-30\\app\\Components\\Layout.jsx","s":{"1":0,"2":0,"3":0,"4":0,"5":0,"6":0,"7":0,"8":0,"9":0,"10":0,"11":0,"12":0,"13":0,"14":0,"15":0,"16":0,"17":0},"b":{"1":[0,0],"2":[0,0]},"f":{"1":0,"2":0},"fnMap":{"1":{"name":"_interopRequireDefault","line":0,"loc":{"start":{"line":0,"column":0},"end":{"line":0,"column":0}},"skip":true},"2":{"name":"Layout","line":6,"loc":{"start":{"line":6,"column":15},"end":{"line":null,"column":null}}}},"statementMap":{"1":{"start":{"line":0,"column":0},"end":{"line":0,"column":0},"skip":true},"2":{"start":{"line":1,"column":0},"end":{"line":null,"column":null}},"3":{"start":{"line":0,"column":0},"end":{"line":0,"column":0},"skip":true},"4":{"start":{"line":2,"column":0},"end":{"line":null,"column":null}},"5":{"start":{"line":0,"column":0},"end":{"line":0,"column":0},"skip":true},"6":{"start":{"line":3,"column":0},"end":{"line":null,"column":null}},"7":{"start":{"line":0,"column":0},"end":{"line":0,"column":0},"skip":true},"8":{"start":{"line":4,"column":0},"end":{"line":null,"column":null}},"9":{"start":{"line":0,"column":0},"end":{"line":0,"column":0},"skip":true},"10":{"start":{"line":0,"column":0},"end":{"line":0,"column":0},"skip":true},"11":{"start":{"line":0,"column":0},"end":{"line":0,"column":0},"skip":true},"12":{"start":{"line":6,"column":0},"end":{"line":null,"column":null}},"13":{"start":{"line":6,"column":18},"end":{"line":null,"column":null}},"14":{"start":{"line":7,"column":4},"end":{"line":null,"column":null}},"15":{"start":{"line":13,"column":0},"end":{"line":null,"column":null}},"16":{"start":{"line":17,"column":15},"end":{"line":null,"column":null}},"17":{"start":{"line":0,"column":0},"end":{"line":0,"column":0},"skip":true}},"branchMap":{"1":{"line":0,"type":"cond-expr","locations":[{"start":{"line":0,"column":0},"end":{"line":0,"column":0},"skip":true},{"start":{"line":0,"column":0},"end":{"line":0,"column":0},"skip":true}]},"2":{"line":0,"type":"binary-expr","locations":[{"start":{"line":0,"column":0},"end":{"line":0,"column":0},"skip":true},{"start":{"line":0,"column":0},"end":{"line":0,"column":0},"skip":true}]}}}}