TN:
SF:D:\B2B_program files\Sprints\Sprint2\Sprint2-Final-V2-2018-08-30\app\Components\Com\ComBusinessInfo\SmallBusiness\SmallBusiness.jsx
FN:8,required
FN:9,positiveValue
FN:12,validate
FN:27,renderField
FN:41,phoneChange
FN:62,customPhoneField
FN:98,SmallBusiness
FN:105,normalizeZip
FNF:8
FNH:6
FNDA:61,required
FNDA:2,positiveValue
FNDA:14,validate
FNDA:54,renderField
FNDA:0,phoneChange
FNDA:18,customPhoneField
FNDA:6,SmallBusiness
FNDA:0,normalizeZip
DA:1,1
DA:2,1
DA:3,1
DA:4,1
DA:5,1
DA:8,61
DA:9,1
DA:10,2
DA:12,1
DA:13,14
DA:15,14
DA:17,14
DA:19,14
DA:20,13
DA:21,1
DA:22,1
DA:24,14
DA:27,1
DA:28,54
DA:30,54
DA:41,1
DA:42,0
DA:43,0
DA:44,0
DA:45,0
DA:46,0
DA:47,0
DA:48,0
DA:49,0
DA:53,0
DA:54,0
DA:55,0
DA:56,0
DA:57,0
DA:62,1
DA:63,18
DA:65,18
DA:98,1
DA:99,6
DA:105,6
DA:106,0
DA:107,0
DA:109,0
DA:110,0
DA:115,6
DA:250,1
DA:255,1
LF:47
LH:30
BRDA:8,3,0,1
BRDA:8,3,1,60
BRDA:10,4,0,1
BRDA:10,4,1,1
BRDA:10,5,0,2
BRDA:10,5,1,2
BRDA:19,6,0,13
BRDA:19,6,1,1
BRDA:21,7,0,1
BRDA:21,7,1,0
BRDA:37,8,0,54
BRDA:37,8,1,0
BRDA:37,8,2,0
BRDA:45,9,0,0
BRDA:45,9,1,0
BRDA:46,10,0,0
BRDA:46,10,1,0
BRDA:48,11,0,0
BRDA:48,11,1,0
BRDA:53,12,0,0
BRDA:53,12,1,0
BRDA:54,13,0,0
BRDA:54,13,1,0
BRDA:56,14,0,0
BRDA:56,14,1,0
BRDA:73,15,0,18
BRDA:73,15,1,0
BRDA:73,15,2,0
BRDA:106,16,0,0
BRDA:106,16,1,0
BRF:30
BRH:11
end_of_record
TN:
SF:D:\B2B_program files\Sprints\Sprint2\Sprint2-Final-V2-2018-08-30\app\Components\FooterDetail\FooterDetail.jsx
FN:17,componentDidMount
FN:18,(anonymous_5)
FN:22,(anonymous_6)
FN:28,componentWillUnmount
FN:33,scrollToTop
FN:37,designer
FN:41,government
FN:45,corporate
FN:49,business
FN:53,render
FNF:10
FNH:2
FNDA:3,componentDidMount
FNDA:0,(anonymous_5)
FNDA:0,(anonymous_6)
FNDA:0,componentWillUnmount
FNDA:0,scrollToTop
FNDA:0,designer
FNDA:0,government
FNDA:0,corporate
FNDA:0,business
FNDA:3,render
DA:1,1
DA:2,1
DA:3,1
DA:6,1
DA:10,1
DA:11,1
DA:16,1
DA:18,3
DA:19,0
DA:22,3
DA:23,0
DA:25,3
DA:29,0
DA:30,0
DA:34,0
DA:38,0
DA:42,0
DA:46,0
DA:50,0
DA:55,3
DA:420,1
LF:21
LH:12
BRF:0
BRH:0
end_of_record
TN:
SF:D:\B2B_program files\Sprints\Sprint2\Sprint2-Final-V2-2018-08-30\app\Components\FooterDetail\ShopSocial.jsx
FN:9,ShopSocial
FNF:1
FNH:1
FNDA:3,ShopSocial
DA:1,1
DA:2,1
DA:6,1
DA:9,1
DA:10,3
DA:258,1
LF:6
LH:6
BRF:0
BRH:0
end_of_record
TN:
SF:D:\B2B_program files\Sprints\Sprint2\Sprint2-Final-V2-2018-08-30\app\Components\ForgotPassword\ForgotPassword.jsx
FN:6,validate
FN:42,renderField
FN:65,componentDidMount
FN:69,escFunction
FN:75,render
FN:77,handleSubmitForm
FNF:6
FNH:1
FNDA:1,validate
FNDA:0,renderField
FNDA:0,componentDidMount
FNDA:0,escFunction
FNDA:0,render
FNDA:0,handleSubmitForm
DA:1,1
DA:2,1
DA:3,1
DA:4,1
DA:6,1
DA:7,1
DA:8,1
DA:10,1
DA:12,1
DA:13,1
DA:16,1
DA:17,1
DA:20,1
DA:21,1
DA:23,1
DA:24,1
DA:25,0
DA:26,0
DA:27,0
DA:28,0
DA:30,1
DA:31,1
DA:32,0
DA:33,0
DA:34,0
DA:35,0
DA:38,1
DA:42,1
DA:43,0
DA:46,0
DA:64,1
DA:66,0
DA:70,0
DA:71,0
DA:76,0
DA:77,0
DA:78,0
DA:79,0
DA:82,0
DA:108,1
LF:40
LH:22
BRDA:12,3,0,1
BRDA:12,3,1,0
BRDA:16,4,0,1
BRDA:16,4,1,0
BRDA:20,5,0,1
BRDA:20,5,1,0
BRDA:23,6,0,1
BRDA:23,6,1,0
BRDA:25,7,0,0
BRDA:25,7,1,0
BRDA:27,8,0,0
BRDA:27,8,1,0
BRDA:30,9,0,1
BRDA:30,9,1,0
BRDA:32,10,0,0
BRDA:32,10,1,0
BRDA:34,11,0,0
BRDA:34,11,1,0
BRDA:57,12,0,0
BRDA:57,12,1,0
BRDA:57,12,2,0
BRDA:70,14,0,0
BRDA:70,14,1,0
BRF:23
BRH:5
end_of_record
TN:
SF:D:\B2B_program files\Sprints\Sprint2\Sprint2-Final-V2-2018-08-30\app\history.jsx
FNF:0
FNH:0
DA:1,1
DA:3,1
LF:2
LH:2
BRF:0
BRH:0
end_of_record
TN:
SF:D:\B2B_program files\Sprints\Sprint2\Sprint2-Final-V2-2018-08-30\app\Components\ForgotPassword\ForgotPasswordEmailTemplate.jsx
FN:5,ForgotPasswordEmailTemplate
FN:19,onClick
FNF:2
FNH:1
FNDA:3,ForgotPasswordEmailTemplate
FNDA:0,onClick
DA:1,1
DA:2,1
DA:3,1
DA:5,1
DA:19,0
DA:29,1
LF:6
LH:5
BRF:0
BRH:0
end_of_record
TN:
SF:D:\B2B_program files\Sprints\Sprint2\Sprint2-Final-V2-2018-08-30\app\Components\Govt\Govt.jsx
FN:11,Govt
FN:16,(anonymous_4)
FN:21,(anonymous_5)
FN:26,(anonymous_6)
FN:31,(anonymous_7)
FN:35,render
FNF:6
FNH:2
FNDA:4,Govt
FNDA:0,(anonymous_4)
FNDA:0,(anonymous_5)
FNDA:0,(anonymous_6)
FNDA:0,(anonymous_7)
FNDA:4,render
DA:1,1
DA:2,1
DA:3,1
DA:4,1
DA:5,1
DA:6,1
DA:7,1
DA:9,1
DA:10,1
DA:11,1
DA:13,4
DA:16,4
DA:17,0
DA:18,0
DA:21,4
DA:22,0
DA:23,0
DA:26,4
DA:27,0
DA:28,0
DA:31,4
DA:32,0
DA:36,4
DA:38,4
DA:70,1
LF:25
LH:18
BRDA:53,4,0,4
BRDA:53,4,1,4
BRDA:58,5,0,4
BRDA:58,5,1,0
BRF:4
BRH:3
end_of_record
TN:
SF:D:\B2B_program files\Sprints\Sprint2\Sprint2-Final-V2-2018-08-30\app\Components\Govt\GovtBusinessInfo\GovtBusinessInfo.jsx
FN:14,required
FN:15,positiveValue
FN:19,validate
FN:35,renderField
FN:56,renderDropDown
FN:62,(anonymous_7)
FN:73,phoneChange
FN:94,customPhoneField
FN:111,render
FN:114,normalizeZip
FN:281,mapStateToProps
FN:286,matchDispatchToProps
FNF:12
FNH:9
FNDA:88,required
FNDA:0,positiveValue
FNDA:16,validate
FNDA:64,renderField
FNDA:8,renderDropDown
FNDA:64,(anonymous_7)
FNDA:0,phoneChange
FNDA:24,customPhoneField
FNDA:8,render
FNDA:0,normalizeZip
FNDA:8,mapStateToProps
FNDA:8,matchDispatchToProps
DA:1,1
DA:2,1
DA:4,1
DA:5,1
DA:6,1
DA:7,1
DA:8,1
DA:9,1
DA:11,1
DA:14,88
DA:15,1
DA:16,0
DA:19,1
DA:20,16
DA:22,16
DA:24,16
DA:26,16
DA:27,16
DA:28,0
DA:29,0
DA:31,16
DA:35,1
DA:36,64
DA:38,64
DA:56,8
DA:57,8
DA:63,64
DA:73,1
DA:74,0
DA:75,0
DA:76,0
DA:77,0
DA:78,0
DA:79,0
DA:80,0
DA:81,0
DA:85,0
DA:86,0
DA:87,0
DA:88,0
DA:89,0
DA:94,1
DA:95,24
DA:97,24
DA:110,1
DA:112,8
DA:114,8
DA:115,0
DA:116,0
DA:118,0
DA:119,0
DA:123,8
DA:266,1
DA:271,1
DA:279,1
DA:281,8
DA:286,8
DA:292,1
LF:58
LH:38
BRDA:14,3,0,0
BRDA:14,3,1,88
BRDA:16,4,0,0
BRDA:16,4,1,0
BRDA:16,5,0,0
BRDA:16,5,1,0
BRDA:26,6,0,16
BRDA:26,6,1,0
BRDA:28,7,0,0
BRDA:28,7,1,0
BRDA:45,8,0,64
BRDA:45,8,1,0
BRDA:45,8,2,0
BRDA:69,9,0,8
BRDA:69,9,1,0
BRDA:69,9,2,0
BRDA:77,10,0,0
BRDA:77,10,1,0
BRDA:78,11,0,0
BRDA:78,11,1,0
BRDA:80,12,0,0
BRDA:80,12,1,0
BRDA:85,13,0,0
BRDA:85,13,1,0
BRDA:86,14,0,0
BRDA:86,14,1,0
BRDA:88,15,0,0
BRDA:88,15,1,0
BRDA:105,16,0,24
BRDA:105,16,1,0
BRDA:105,16,2,0
BRDA:115,18,0,0
BRDA:115,18,1,0
BRF:33
BRH:5
end_of_record
TN:
SF:D:\B2B_program files\Sprints\Sprint2\Sprint2-Final-V2-2018-08-30\app\actions\LoginAction.js
FN:3,loginValues
FN:8,getEmailId
FNF:2
FNH:2
FNDA:1,loginValues
FNDA:1,getEmailId
DA:1,1
DA:3,1
DA:8,1
DA:13,1
LF:4
LH:4
BRF:0
BRH:0
end_of_record
TN:
SF:D:\B2B_program files\Sprints\Sprint2\Sprint2-Final-V2-2018-08-30\app\Components\ShoppingPreference\ShoppingPreference.jsx
FN:11,ShoppingPreference
FN:31,(anonymous_4)
FN:51,(anonymous_5)
FN:65,(anonymous_6)
FN:75,(anonymous_7)
FN:77,(anonymous_8)
FN:83,(anonymous_9)
FN:94,(anonymous_10)
FN:109,(anonymous_11)
FN:111,onClick
FN:119,(anonymous_13)
FN:121,onClick
FN:133,(anonymous_15)
FN:137,(anonymous_16)
FN:23,componentWillMount
FN:27,componentWillUnmount
FN:150,render
FN:158,ref
FN:164,ref
FN:180,(anonymous_22)
FN:185,onClick
FNF:21
FNH:10
FNDA:3,ShoppingPreference
FNDA:0,(anonymous_4)
FNDA:0,(anonymous_5)
FNDA:2,(anonymous_6)
FNDA:0,(anonymous_7)
FNDA:0,(anonymous_8)
FNDA:0,(anonymous_9)
FNDA:7,(anonymous_10)
FNDA:20,(anonymous_11)
FNDA:1,onClick
FNDA:50,(anonymous_13)
FNDA:1,onClick
FNDA:0,(anonymous_15)
FNDA:0,(anonymous_16)
FNDA:3,componentWillMount
FNDA:0,componentWillUnmount
FNDA:7,render
FNDA:0,ref
FNDA:0,ref
FNDA:2,(anonymous_22)
FNDA:0,onClick
DA:1,1
DA:2,1
DA:3,1
DA:4,1
DA:5,1
DA:6,1
DA:7,1
DA:8,1
DA:10,1
DA:11,1
DA:12,3
DA:13,3
DA:20,3
DA:24,3
DA:28,0
DA:31,3
DA:32,0
DA:34,0
DA:35,0
DA:36,0
DA:42,0
DA:44,0
DA:49,0
DA:51,0
DA:52,0
DA:55,0
DA:57,0
DA:65,3
DA:66,2
DA:67,2
DA:68,2
DA:69,2
DA:75,3
DA:76,0
DA:77,0
DA:78,0
DA:83,3
DA:84,0
DA:85,0
DA:86,0
DA:87,0
DA:94,3
DA:95,7
DA:96,7
DA:100,7
DA:103,7
DA:110,20
DA:111,1
DA:120,50
DA:121,1
DA:133,3
DA:134,0
DA:137,3
DA:138,0
DA:139,0
DA:140,0
DA:141,0
DA:142,0
DA:151,7
DA:152,7
DA:154,7
DA:156,7
DA:158,0
DA:164,0
DA:181,2
DA:185,0
DA:215,1
LF:67
LH:39
BRDA:12,3,0,3
BRDA:12,3,1,0
BRDA:34,4,0,0
BRDA:34,4,1,0
BRDA:55,5,0,0
BRDA:55,5,1,0
BRDA:67,6,0,2
BRDA:67,6,1,0
BRDA:100,7,0,2
BRDA:100,7,1,5
BRDA:107,8,0,2
BRDA:107,8,1,5
BRDA:138,9,0,0
BRDA:138,9,1,0
BRDA:165,10,0,0
BRDA:165,10,1,7
BRDA:179,11,0,2
BRDA:179,11,1,5
BRDA:205,12,0,3
BRDA:205,12,1,4
BRDA:205,13,0,7
BRDA:205,13,1,5
BRF:22
BRH:13
end_of_record
TN:
SF:D:\B2B_program files\Sprints\Sprint2\Sprint2-Final-V2-2018-08-30\app\Components\Header\HeaderComponent.jsx
FN:6,HeaderComponent
FN:9,onClick
FNF:2
FNH:2
FNDA:1,HeaderComponent
FNDA:1,onClick
DA:1,1
DA:2,1
DA:3,1
DA:4,1
DA:6,1
DA:7,1
DA:9,1
DA:16,1
LF:8
LH:8
BRF:0
BRH:0
end_of_record
TN:
SF:D:\B2B_program files\Sprints\Sprint2\Sprint2-Final-V2-2018-08-30\app\Components\Login\Login.jsx
FN:10,validate
FN:36,renderField
FN:59,Login
FN:70,(anonymous_6)
FN:74,(anonymous_7)
FN:80,(anonymous_8)
FN:86,(anonymous_9)
FN:92,(anonymous_10)
FN:66,componentDidMount
FN:96,escFunction
FN:102,render
FN:105,handleSubmitForm
FN:143,onClick
FN:150,onClick
FN:156,onClick
FN:172,mapStateToProps
FN:177,matchDispatchToProps
FNF:17
FNH:11
FNDA:22,validate
FNDA:16,renderField
FNDA:16,Login
FNDA:1,(anonymous_6)
FNDA:1,(anonymous_7)
FNDA:0,(anonymous_8)
FNDA:0,(anonymous_9)
FNDA:1,(anonymous_10)
FNDA:16,componentDidMount
FNDA:1,escFunction
FNDA:17,render
FNDA:0,handleSubmitForm
FNDA:0,onClick
FNDA:0,onClick
FNDA:0,onClick
FNDA:8,mapStateToProps
FNDA:8,matchDispatchToProps
DA:1,1
DA:2,1
DA:3,1
DA:4,1
DA:5,1
DA:6,1
DA:7,1
DA:8,1
DA:10,1
DA:11,22
DA:13,22
DA:14,22
DA:15,22
DA:17,22
DA:19,22
DA:20,21
DA:21,1
DA:22,1
DA:25,22
DA:26,20
DA:27,2
DA:28,1
DA:29,1
DA:30,1
DA:32,22
DA:36,1
DA:37,16
DA:40,16
DA:58,1
DA:59,1
DA:61,16
DA:67,16
DA:70,16
DA:71,1
DA:74,16
DA:75,1
DA:80,16
DA:81,0
DA:82,0
DA:83,0
DA:86,16
DA:87,0
DA:88,0
DA:89,0
DA:92,16
DA:93,1
DA:97,1
DA:98,0
DA:103,17
DA:104,17
DA:105,17
DA:106,0
DA:107,0
DA:110,17
DA:143,0
DA:150,0
DA:156,0
DA:167,1
DA:171,1
DA:172,8
DA:177,8
DA:183,1
LF:62
LH:50
BRDA:19,3,0,21
BRDA:19,3,1,1
BRDA:21,4,0,1
BRDA:21,4,1,0
BRDA:25,5,0,20
BRDA:25,5,1,2
BRDA:27,6,0,1
BRDA:27,6,1,1
BRDA:29,7,0,1
BRDA:29,7,1,0
BRDA:51,8,0,16
BRDA:51,8,1,0
BRDA:51,8,2,0
BRDA:97,10,0,0
BRDA:97,10,1,1
BRF:15
BRH:10
end_of_record
TN:
SF:D:\B2B_program files\Sprints\Sprint2\Sprint2-Final-V2-2018-08-30\app\Components\Model\Model.jsx
FN:7,ModalPopup
FN:28,onClick
FNF:2
FNH:2
FNDA:3,ModalPopup
FNDA:1,onClick
DA:1,1
DA:2,1
DA:3,1
DA:4,1
DA:5,1
DA:7,1
DA:8,3
DA:10,3
DA:28,1
DA:34,1
LF:10
LH:10
BRF:0
BRH:0
end_of_record
TN:
SF:D:\B2B_program files\Sprints\Sprint2\Sprint2-Final-V2-2018-08-30\app\Components\Model\SuccessPopup.jsx
FN:6,ModalPopup
FNF:1
FNH:1
FNDA:1,ModalPopup
DA:1,1
DA:2,1
DA:3,1
DA:4,1
DA:6,1
DA:8,1
DA:11,1
DA:32,1
LF:8
LH:8
BRDA:13,3,0,1
BRDA:13,3,1,0
BRDA:15,4,0,0
BRDA:15,4,1,0
BRDA:23,5,0,1
BRDA:23,5,1,0
BRF:6
BRH:2
end_of_record
TN:
SF:D:\B2B_program files\Sprints\Sprint2\Sprint2-Final-V2-2018-08-30\app\Components\PrivateRouter\PrivateRouter.jsx
FN:4,PrivateRoute
FN:7,render
FNF:2
FNH:1
FNDA:1,PrivateRoute
FNDA:0,render
DA:1,1
DA:2,1
DA:4,1
DA:5,1
DA:8,0
DA:14,1
LF:6
LH:5
BRDA:9,3,0,0
BRDA:9,3,1,0
BRF:2
BRH:0
end_of_record
TN:
SF:D:\B2B_program files\Sprints\Sprint2\Sprint2-Final-V2-2018-08-30\app\Components\Signup\SignupPage.jsx
FN:10,SignupPage
FNF:1
FNH:1
FNDA:3,SignupPage
DA:1,1
DA:2,1
DA:3,1
DA:4,1
DA:5,1
DA:6,1
DA:7,1
DA:10,3
DA:11,3
DA:13,0
DA:39,1
LF:11
LH:10
BRDA:20,3,0,0
BRDA:20,3,1,0
BRDA:20,3,2,0
BRDA:21,4,0,0
BRDA:21,4,1,0
BRDA:21,4,2,0
BRF:6
BRH:0
end_of_record
TN:
SF:D:\B2B_program files\Sprints\Sprint2\Sprint2-Final-V2-2018-08-30\app\Components\Signup\SignupForm.jsx
FN:10,validate
FN:36,renderField
FN:63,(anonymous_6)
FN:59,componentDidMount
FN:75,escFunction
FN:81,render
FN:84,handlePagesOnSubmit
FN:117,onClick
FNF:8
FNH:4
FNDA:6,validate
FNDA:6,renderField
FNDA:0,(anonymous_6)
FNDA:3,componentDidMount
FNDA:0,escFunction
FNDA:3,render
FNDA:0,handlePagesOnSubmit
FNDA:0,onClick
DA:1,1
DA:2,1
DA:5,1
DA:6,1
DA:7,1
DA:8,1
DA:10,1
DA:11,6
DA:13,6
DA:14,6
DA:15,6
DA:17,6
DA:18,6
DA:19,6
DA:20,0
DA:21,0
DA:24,6
DA:25,6
DA:26,0
DA:27,0
DA:28,0
DA:29,0
DA:31,6
DA:36,1
DA:37,6
DA:40,6
DA:58,1
DA:60,3
DA:63,3
DA:64,0
DA:65,0
DA:66,0
DA:67,0
DA:68,0
DA:69,0
DA:71,0
DA:76,0
DA:77,0
DA:82,3
DA:84,3
DA:85,0
DA:89,3
DA:117,0
DA:124,1
LF:44
LH:27
BRDA:18,3,0,6
BRDA:18,3,1,0
BRDA:20,4,0,0
BRDA:20,4,1,0
BRDA:24,5,0,6
BRDA:24,5,1,0
BRDA:26,6,0,0
BRDA:26,6,1,0
BRDA:28,7,0,0
BRDA:28,7,1,0
BRDA:50,8,0,6
BRDA:50,8,1,0
BRDA:50,8,2,0
BRDA:63,9,0,3
BRDA:63,9,1,0
BRDA:68,10,0,0
BRDA:68,10,1,0
BRDA:76,11,0,0
BRDA:76,11,1,0
BRF:19
BRH:4
end_of_record
TN:
SF:D:\B2B_program files\Sprints\Sprint2\Sprint2-Final-V2-2018-08-30\app\Components\Signup\table.jsx
FN:4,TableInfo
FNF:1
FNH:0
FNDA:0,TableInfo
DA:1,1
DA:2,1
DA:4,1
DA:5,0
DA:57,1
LF:5
LH:4
BRF:0
BRH:0
end_of_record
TN:
SF:D:\B2B_program files\Sprints\Sprint2\Sprint2-Final-V2-2018-08-30\app\Components\ShopYesorNo\ShopYesorNo.jsx
FN:6,ShopYesorNo
FN:9,onClick
FN:10,onClick
FNF:3
FNH:0
FNDA:0,ShopYesorNo
FNDA:0,onClick
FNDA:0,onClick
DA:1,1
DA:2,1
DA:3,1
DA:4,1
DA:6,1
DA:7,0
DA:9,0
DA:10,0
DA:17,1
LF:9
LH:6
BRF:0
BRH:0
end_of_record
TN:
SF:D:\B2B_program files\Sprints\Sprint2\Sprint2-Final-V2-2018-08-30\app\reducers\LoginReducer.js
FN:1,(anonymous_1)
FNF:1
FNH:1
FNDA:1,(anonymous_1)
DA:1,1
DA:2,1
DA:3,1
DA:5,0
DA:6,0
DA:7,0
DA:10,0
DA:11,0
DA:12,0
DA:15,0
DA:16,0
DA:17,0
DA:20,0
DA:21,0
DA:22,0
DA:25,1
LF:16
LH:4
BRDA:1,1,0,0
BRDA:1,1,1,1
BRDA:1,2,0,1
BRDA:1,2,1,1
BRDA:4,3,0,0
BRDA:4,3,1,0
BRDA:4,3,2,0
BRDA:4,3,3,0
BRDA:4,3,4,1
BRF:9
BRH:4
end_of_record
TN:
SF:D:\B2B_program files\Sprints\Sprint2\Sprint2-Final-V2-2018-08-30\app\Components\Com\Com.jsx
FN:12,Com
FN:19,(anonymous_4)
FN:24,(anonymous_5)
FN:29,(anonymous_6)
FN:35,(anonymous_7)
FN:39,(anonymous_8)
FN:43,render
FNF:7
FNH:0
FNDA:0,Com
FNDA:0,(anonymous_4)
FNDA:0,(anonymous_5)
FNDA:0,(anonymous_6)
FNDA:0,(anonymous_7)
FNDA:0,(anonymous_8)
FNDA:0,render
DA:1,0
DA:2,0
DA:3,0
DA:4,0
DA:5,0
DA:6,0
DA:7,0
DA:8,0
DA:10,0
DA:11,0
DA:12,0
DA:14,0
DA:15,0
DA:16,0
DA:19,0
DA:20,0
DA:21,0
DA:24,0
DA:25,0
DA:26,0
DA:29,0
DA:30,0
DA:32,0
DA:35,0
DA:36,0
DA:39,0
DA:40,0
DA:44,0
DA:46,0
DA:88,0
LF:30
LH:0
BRDA:64,4,0,0
BRDA:64,4,1,0
BRDA:71,5,0,0
BRDA:71,5,1,0
BRDA:77,6,0,0
BRDA:77,6,1,0
BRF:6
BRH:0
end_of_record
TN:
SF:D:\B2B_program files\Sprints\Sprint2\Sprint2-Final-V2-2018-08-30\app\Components\Com\ComBusinessInfo\ComBusinessInfo.jsx
FN:40,ComBusinessInfo
FN:60,onClick
FN:78,onClick
FNF:3
FNH:0
FNDA:0,ComBusinessInfo
FNDA:0,onClick
FNDA:0,onClick
DA:1,0
DA:3,0
DA:6,0
DA:7,0
DA:8,0
DA:10,0
DA:24,0
DA:40,0
DA:41,0
DA:44,0
DA:60,0
DA:78,0
DA:105,0
LF:13
LH:0
BRDA:92,3,0,0
BRDA:92,3,1,0
BRDA:96,4,0,0
BRDA:96,4,1,0
BRF:4
BRH:0
end_of_record
TN:
SF:D:\B2B_program files\Sprints\Sprint2\Sprint2-Final-V2-2018-08-30\app\Components\Com\ComBusinessInfo\Corporation\Corporation.jsx
FN:10,required
FN:12,positiveValue
FN:15,validate
FN:32,FieldFileInput
FN:37,onChange
FN:43,render
FN:66,renderField
FN:80,phoneChange
FN:101,customPhoneField
FN:116,Corporation
FN:121,normalizeZip
FNF:11
FNH:0
FNDA:0,required
FNDA:0,positiveValue
FNDA:0,validate
FNDA:0,FieldFileInput
FNDA:0,onChange
FNDA:0,render
FNDA:0,renderField
FNDA:0,phoneChange
FNDA:0,customPhoneField
FNDA:0,Corporation
FNDA:0,normalizeZip
DA:1,0
DA:3,0
DA:4,0
DA:5,0
DA:6,0
DA:10,0
DA:12,0
DA:13,0
DA:15,0
DA:16,0
DA:18,0
DA:20,0
DA:22,0
DA:23,0
DA:24,0
DA:25,0
DA:27,0
DA:31,0
DA:32,0
DA:33,0
DA:34,0
DA:39,0
DA:40,0
DA:45,0
DA:48,0
DA:66,0
DA:67,0
DA:69,0
DA:80,0
DA:81,0
DA:82,0
DA:83,0
DA:84,0
DA:85,0
DA:86,0
DA:87,0
DA:88,0
DA:92,0
DA:93,0
DA:94,0
DA:95,0
DA:96,0
DA:101,0
DA:102,0
DA:104,0
DA:116,0
DA:118,0
DA:121,0
DA:122,0
DA:123,0
DA:125,0
DA:126,0
DA:130,0
DA:290,0
DA:295,0
LF:55
LH:0
BRDA:10,3,0,0
BRDA:10,3,1,0
BRDA:13,4,0,0
BRDA:13,4,1,0
BRDA:13,5,0,0
BRDA:13,5,1,0
BRDA:22,6,0,0
BRDA:22,6,1,0
BRDA:24,7,0,0
BRDA:24,7,1,0
BRDA:33,8,0,0
BRDA:33,8,1,0
BRDA:57,9,0,0
BRDA:57,9,1,0
BRDA:57,9,2,0
BRDA:76,10,0,0
BRDA:76,10,1,0
BRDA:76,10,2,0
BRDA:84,11,0,0
BRDA:84,11,1,0
BRDA:85,12,0,0
BRDA:85,12,1,0
BRDA:87,13,0,0
BRDA:87,13,1,0
BRDA:92,14,0,0
BRDA:92,14,1,0
BRDA:93,15,0,0
BRDA:93,15,1,0
BRDA:95,16,0,0
BRDA:95,16,1,0
BRDA:112,17,0,0
BRDA:112,17,1,0
BRDA:112,17,2,0
BRDA:122,18,0,0
BRDA:122,18,1,0
BRF:35
BRH:0
end_of_record
TN:
SF:D:\B2B_program files\Sprints\Sprint2\Sprint2-Final-V2-2018-08-30\app\Components\Com\ComShoppingPreference\ComShoppingPreference.jsx
FNF:0
FNH:0
LF:0
LH:0
BRF:0
BRH:0
end_of_record
TN:
SF:D:\B2B_program files\Sprints\Sprint2\Sprint2-Final-V2-2018-08-30\app\Components\Com\Quickverify\Quickverify.jsx
FN:6,minLength
FN:6,(anonymous_3)
FN:9,validate
FN:24,normalizeCard
FN:54,renderField
FN:64,normalizeZip
FN:74,QuickVerify
FN:82,(anonymous_10)
FN:88,render
FNF:9
FNH:0
FNDA:0,minLength
FNDA:0,(anonymous_3)
FNDA:0,validate
FNDA:0,normalizeCard
FNDA:0,renderField
FNDA:0,normalizeZip
FNDA:0,QuickVerify
FNDA:0,(anonymous_10)
FNDA:0,render
DA:1,0
DA:2,0
DA:3,0
DA:4,0
DA:6,0
DA:9,0
DA:10,0
DA:11,0
DA:12,0
DA:13,0
DA:14,0
DA:15,0
DA:16,0
DA:17,0
DA:18,0
DA:21,0
DA:24,0
DA:25,0
DA:26,0
DA:28,0
DA:29,0
DA:31,0
DA:32,0
DA:34,0
DA:35,0
DA:37,0
DA:38,0
DA:41,0
DA:42,0
DA:44,0
DA:45,0
DA:47,0
DA:48,0
DA:50,0
DA:54,0
DA:55,0
DA:57,0
DA:64,0
DA:65,0
DA:66,0
DA:68,0
DA:69,0
DA:73,0
DA:74,0
DA:75,0
DA:76,0
DA:82,0
DA:83,0
DA:89,0
DA:90,0
DA:92,0
DA:145,0
LF:52
LH:0
BRDA:7,3,0,0
BRDA:7,3,1,0
BRDA:6,4,0,0
BRDA:6,4,1,0
BRDA:11,5,0,0
BRDA:11,5,1,0
BRDA:13,6,0,0
BRDA:13,6,1,0
BRDA:15,7,0,0
BRDA:15,7,1,0
BRDA:17,8,0,0
BRDA:17,8,1,0
BRDA:25,9,0,0
BRDA:25,9,1,0
BRDA:29,10,0,0
BRDA:29,10,1,0
BRDA:29,11,0,0
BRDA:29,11,1,0
BRDA:31,12,0,0
BRDA:31,12,1,0
BRDA:34,13,0,0
BRDA:34,13,1,0
BRDA:37,14,0,0
BRDA:37,14,1,0
BRDA:41,15,0,0
BRDA:41,15,1,0
BRDA:44,16,0,0
BRDA:44,16,1,0
BRDA:47,17,0,0
BRDA:47,17,1,0
BRDA:60,18,0,0
BRDA:60,18,1,0
BRDA:60,18,2,0
BRDA:65,19,0,0
BRDA:65,19,1,0
BRDA:75,20,0,0
BRDA:75,20,1,0
BRDA:136,21,0,0
BRDA:136,21,1,0
BRF:39
BRH:0
end_of_record
TN:
SF:D:\B2B_program files\Sprints\Sprint2\Sprint2-Final-V2-2018-08-30\app\Components\CreateAccount\CreateAccount.jsx
FN:5,validate
FN:31,renderField
FN:54,componentDidMount
FN:58,escFunction
FN:64,render
FN:66,handleSubmitForm
FN:102,onClick
FNF:7
FNH:0
FNDA:0,validate
FNDA:0,renderField
FNDA:0,componentDidMount
FNDA:0,escFunction
FNDA:0,render
FNDA:0,handleSubmitForm
FNDA:0,onClick
DA:1,0
DA:2,0
DA:3,0
DA:5,0
DA:6,0
DA:8,0
DA:9,0
DA:10,0
DA:12,0
DA:14,0
DA:15,0
DA:16,0
DA:17,0
DA:20,0
DA:21,0
DA:22,0
DA:23,0
DA:24,0
DA:25,0
DA:27,0
DA:31,0
DA:32,0
DA:35,0
DA:53,0
DA:55,0
DA:59,0
DA:60,0
DA:65,0
DA:66,0
DA:67,0
DA:69,0
DA:72,0
DA:102,0
DA:114,0
DA:119,0
LF:35
LH:0
BRDA:14,3,0,0
BRDA:14,3,1,0
BRDA:16,4,0,0
BRDA:16,4,1,0
BRDA:20,5,0,0
BRDA:20,5,1,0
BRDA:22,6,0,0
BRDA:22,6,1,0
BRDA:24,7,0,0
BRDA:24,7,1,0
BRDA:46,8,0,0
BRDA:46,8,1,0
BRDA:46,8,2,0
BRDA:59,10,0,0
BRDA:59,10,1,0
BRF:15
BRH:0
end_of_record
TN:
SF:D:\B2B_program files\Sprints\Sprint2\Sprint2-Final-V2-2018-08-30\app\Components\Exitaccount\Exitaccount.jsx
FN:11,validate
FN:30,renderField
FN:53,Exitaccount
FN:59,(anonymous_6)
FN:65,handleChange
FN:73,render
FN:76,handleSubmitForm
FN:103,onClick
FN:191,onClick
FNF:9
FNH:0
FNDA:0,validate
FNDA:0,renderField
FNDA:0,Exitaccount
FNDA:0,(anonymous_6)
FNDA:0,handleChange
FNDA:0,render
FNDA:0,handleSubmitForm
FNDA:0,onClick
FNDA:0,onClick
DA:1,0
DA:2,0
DA:3,0
DA:4,0
DA:5,0
DA:9,0
DA:11,0
DA:12,0
DA:14,0
DA:15,0
DA:17,0
DA:18,0
DA:19,0
DA:20,0
DA:23,0
DA:24,0
DA:26,0
DA:30,0
DA:31,0
DA:34,0
DA:52,0
DA:53,0
DA:55,0
DA:56,0
DA:59,0
DA:60,0
DA:66,0
DA:67,0
DA:74,0
DA:75,0
DA:76,0
DA:77,0
DA:78,0
DA:81,0
DA:99,0
DA:103,0
DA:116,0
DA:191,0
DA:203,0
DA:208,0
LF:40
LH:0
BRDA:17,3,0,0
BRDA:17,3,1,0
BRDA:19,4,0,0
BRDA:19,4,1,0
BRDA:23,5,0,0
BRDA:23,5,1,0
BRDA:45,6,0,0
BRDA:45,6,1,0
BRDA:45,6,2,0
BRDA:83,8,0,0
BRDA:83,8,1,0
BRDA:101,9,0,0
BRDA:101,9,1,0
BRF:13
BRH:0
end_of_record
TN:
SF:D:\B2B_program files\Sprints\Sprint2\Sprint2-Final-V2-2018-08-30\app\Components\Footer\FooterComponent.jsx
FN:6,FooterComponent
FNF:1
FNH:0
FNDA:0,FooterComponent
DA:1,0
DA:2,0
DA:3,0
DA:6,0
DA:7,0
DA:41,0
LF:6
LH:0
BRF:0
BRH:0
end_of_record
TN:
SF:D:\B2B_program files\Sprints\Sprint2\Sprint2-Final-V2-2018-08-30\app\Components\ForgotPassword\SendEmail.jsx
FN:8,validate
FN:25,renderField
FN:47,sendEmail
FN:49,handleSubmitForm
FN:89,mapStateToProps
FNF:5
FNH:0
FNDA:0,validate
FNDA:0,renderField
FNDA:0,sendEmail
FNDA:0,handleSubmitForm
FNDA:0,mapStateToProps
DA:1,0
DA:2,0
DA:3,0
DA:4,0
DA:5,0
DA:6,0
DA:8,0
DA:9,0
DA:11,0
DA:13,0
DA:14,0
DA:15,0
DA:16,0
DA:17,0
DA:20,0
DA:25,0
DA:26,0
DA:29,0
DA:47,0
DA:48,0
DA:49,0
DA:50,0
DA:51,0
DA:55,0
DA:84,0
DA:89,0
DA:96,0
LF:27
LH:0
BRDA:14,3,0,0
BRDA:14,3,1,0
BRDA:16,4,0,0
BRDA:16,4,1,0
BRDA:40,5,0,0
BRDA:40,5,1,0
BRDA:40,5,2,0
BRF:7
BRH:0
end_of_record
TN:
SF:D:\B2B_program files\Sprints\Sprint2\Sprint2-Final-V2-2018-08-30\app\Components\Govt\GovtShoppingPreference\GovtShoppingPreference.jsx
FNF:0
FNH:0
LF:0
LH:0
BRF:0
BRH:0
end_of_record
TN:
SF:D:\B2B_program files\Sprints\Sprint2\Sprint2-Final-V2-2018-08-30\app\Components\HomePage\HomePage.jsx
FN:11,HomePage
FN:16,(anonymous_4)
FN:22,render
FNF:3
FNH:0
FNDA:0,HomePage
FNDA:0,(anonymous_4)
FNDA:0,render
DA:1,0
DA:2,0
DA:3,0
DA:5,0
DA:10,0
DA:11,0
DA:13,0
DA:16,0
DA:18,0
DA:19,0
DA:23,0
DA:25,0
DA:35,0
LF:13
LH:0
BRDA:28,4,0,0
BRDA:28,4,1,0
BRF:2
BRH:0
end_of_record
TN:
SF:D:\B2B_program files\Sprints\Sprint2\Sprint2-Final-V2-2018-08-30\app\Components\Layout.jsx
FN:6,Layout
FNF:1
FNH:0
FNDA:0,Layout
DA:1,0
DA:2,0
DA:3,0
DA:4,0
DA:6,0
DA:7,0
DA:13,0
DA:17,0
LF:8
LH:0
BRF:0
BRH:0
end_of_record
